\BOOKMARK [0][-]{chapter*.1}{\376\377\000D\000\351\000d\000i\000c\000a\000c\000e\000s}{}% 1
\BOOKMARK [0][-]{chapter*.2}{\376\377\000R\000e\000m\000e\000r\000c\000i\000e\000m\000e\000n\000t\000s}{}% 2
\BOOKMARK [0][-]{chapter*.3}{\376\377\000R\000\351\000s\000u\000m\000\351}{}% 3
\BOOKMARK [0][-]{chapter*.4}{\376\377\000S\000u\000m\000m\000a\000r\000y}{}% 4
\BOOKMARK [0][-]{chapter*.5}{\376\377\000R\000\351\000s\000u\000m\000\351\000\040\000e\000n\000\040\000A\000r\000a\000b\000e}{}% 5
\BOOKMARK [0][-]{chapter*.6}{\376\377\000L\000i\000s\000t\000e\000\040\000d\000e\000s\000\040\000F\000i\000g\000u\000r\000e\000s}{}% 6
\BOOKMARK [0][-]{chapter*.7}{\376\377\000L\000i\000s\000t\000e\000\040\000d\000e\000s\000\040\000T\000a\000b\000l\000e\000s}{}% 7
\BOOKMARK [0][-]{chapter*.8}{\376\377\000T\000a\000b\000l\000e\000\040\000d\000e\000s\000\040\000m\000a\000t\000i\000\350\000r\000e\000s}{}% 8
\BOOKMARK [0][-]{chapter*.9}{\376\377\000I\000n\000t\000r\000o\000d\000u\000c\000t\000i\000o\000n\000\040\000g\000\351\000n\000\351\000r\000a\000l\000e\000\040}{}% 9
\BOOKMARK [0][-]{chapter.1}{\376\377\000P\000r\000\351\000s\000e\000n\000t\000a\000t\000i\000o\000n\000\040\000g\000\351\000n\000\351\000r\000a\000l\000e}{}% 10
\BOOKMARK [1][-]{section.1.1}{\376\377\000P\000r\000\351\000s\000e\000n\000t\000a\000t\000i\000o\000n\000\040\000d\000e\000\040\000l\000'\000e\000n\000t\000r\000e\000p\000r\000i\000s\000e}{chapter.1}% 11
\BOOKMARK [2][-]{subsection.1.1.1}{\376\377\000B\0003\000G\000\040\000T\000e\000c\000h}{section.1.1}% 12
\BOOKMARK [2][-]{subsection.1.1.2}{\376\377\000P\000r\000o\000d\000u\000i\000t\000s\000\040\000\046\000\040\000S\000o\000l\000u\000t\000i\000o\000n\000s}{section.1.1}% 13
\BOOKMARK [2][-]{subsection.1.1.3}{\376\377\000C\000l\000i\000e\000n\000t\000s\000\040\000d\000e\000\040\000B\0003\000G}{section.1.1}% 14
\BOOKMARK [2][-]{subsection.1.1.4}{\376\377\000B\0003\000G\000\040\000R\000\046\000D}{section.1.1}% 15
\BOOKMARK [1][-]{section.1.2}{\376\377\000C\000o\000n\000t\000e\000x\000t\000e\000\040\000g\000\351\000n\000\351\000r\000a\000l\000\040\000d\000u\000\040\000p\000r\000o\000j\000e\000t}{chapter.1}% 16
\BOOKMARK [2][-]{subsection.1.2.1}{\376\377\000L\000a\000\040\000t\000r\000a\000n\000s\000f\000o\000r\000m\000a\000t\000i\000o\000n\000\040\000d\000i\000g\000i\000t\000a\000l\000e\000\040\000d\000e\000s\000\040\000b\000a\000n\000q\000u\000e\000s}{section.1.2}% 17
\BOOKMARK [2][-]{subsection.1.2.2}{\376\377\000T\000e\000c\000h\000n\000o\000l\000o\000g\000i\000e\000\040\000L\000o\000w\000-\000C\000o\000d\000e}{section.1.2}% 18
\BOOKMARK [2][-]{subsection.1.2.3}{\376\377\000C\000o\000n\000t\000e\000n\000t\000\040\000M\000a\000n\000a\000g\000e\000m\000e\000n\000t\000\040\000S\000y\000s\000t\000e\000m\000\040\000\050\000C\000M\000S\000\051}{section.1.2}% 19
\BOOKMARK [2][-]{subsection.1.2.4}{\376\377\000P\000r\000\351\000s\000e\000n\000t\000a\000t\000i\000o\000n\000\040\000d\000e\000\040\000F\000a\000w\000r\000i\000-\000F\000l\000o\000w}{section.1.2}% 20
\BOOKMARK [1][-]{section.1.3}{\376\377\000P\000r\000o\000b\000l\000\351\000m\000a\000t\000i\000q\000u\000e\000\040}{chapter.1}% 21
\BOOKMARK [1][-]{section.1.4}{\376\377\000O\000b\000j\000e\000c\000t\000i\000f\000s\000\040\000d\000u\000\040\000P\000r\000o\000j\000e\000t\000\040\000e\000t\000\040\000S\000o\000l\000u\000t\000i\000o\000n\000s\000\040\000P\000r\000o\000p\000o\000s\000\351\000e\000s}{chapter.1}% 22
\BOOKMARK [1][-]{section.1.5}{\376\377\000G\000e\000s\000t\000i\000o\000n\000\040\000d\000u\000\040\000p\000r\000o\000j\000e\000t}{chapter.1}% 23
\BOOKMARK [2][-]{subsection.1.5.1}{\376\377\000A\000p\000p\000r\000o\000c\000h\000e\000\040\000S\000c\000r\000u\000m}{section.1.5}% 24
\BOOKMARK [2][-]{subsection.1.5.2}{\376\377\000O\000u\000t\000i\000l\000s\000\040\000d\000e\000\040\000c\000o\000l\000l\000a\000b\000o\000r\000a\000t\000i\000o\000n}{section.1.5}% 25
\BOOKMARK [2][-]{subsection.1.5.3}{\376\377\000G\000e\000s\000t\000i\000o\000n\000\040\000d\000e\000s\000\040\000v\000e\000r\000s\000i\000o\000n\000s}{section.1.5}% 26
\BOOKMARK [2][-]{subsection.1.5.4}{\376\377\000P\000l\000a\000n\000n\000i\000n\000g\000\040\000d\000u\000\040\000p\000r\000o\000j\000e\000t}{section.1.5}% 27
\BOOKMARK [0][-]{chapter.2}{\376\377\000A\000n\000a\000l\000y\000s\000e\000\040\000e\000t\000\040\000C\000o\000n\000c\000e\000p\000t\000i\000o\000n}{}% 28
\BOOKMARK [1][-]{section.2.1}{\376\377\000A\000n\000a\000l\000y\000s\000e\000\040\000d\000e\000s\000\040\000b\000e\000s\000o\000i\000n\000s}{chapter.2}% 29
\BOOKMARK [2][-]{subsection.2.1.1}{\376\377\000I\000d\000e\000n\000t\000i\000f\000i\000c\000a\000t\000i\000o\000n\000\040\000d\000e\000s\000\040\000a\000c\000t\000e\000u\000r\000s}{section.2.1}% 30
\BOOKMARK [2][-]{subsection.2.1.2}{\376\377\000B\000e\000s\000o\000i\000n\000s\000\040\000f\000o\000n\000c\000t\000i\000o\000n\000n\000e\000l\000s}{section.2.1}% 31
\BOOKMARK [2][-]{subsection.2.1.3}{\376\377\000B\000e\000s\000o\000i\000n\000s\000\040\000n\000o\000n\000\040\000f\000o\000n\000c\000t\000i\000o\000n\000n\000e\000l\000s}{section.2.1}% 32
\BOOKMARK [1][-]{section.2.2}{\376\377\000C\000o\000n\000c\000e\000p\000t\000i\000o\000n}{chapter.2}% 33
\BOOKMARK [2][-]{subsection.2.2.1}{\376\377\000D\000i\000a\000g\000r\000a\000m\000m\000e\000\040\000d\000e\000\040\000c\000a\000s\000\040\000d\040\031\000u\000t\000i\000l\000i\000s\000a\000t\000i\000o\000n\000\040\000g\000l\000o\000b\000a\000l}{section.2.2}% 34
\BOOKMARK [2][-]{subsection.2.2.2}{\376\377\000D\000i\000a\000g\000r\000a\000m\000m\000e\000\040\000d\000e\000\040\000c\000a\000s\000\040\000d\000'\000u\000t\000i\000l\000i\000s\000a\000t\000i\000o\000n\000\040\000:\000\040\000G\000e\000s\000t\000i\000o\000n\000\040\000d\000e\000s\000\040\000p\000r\000o\000j\000e\000t\000s}{section.2.2}% 35
\BOOKMARK [2][-]{subsection.2.2.3}{\376\377\000D\000i\000a\000g\000r\000a\000m\000m\000e\000\040\000d\000e\000\040\000c\000a\000s\000\040\000d\040\031\000u\000t\000i\000l\000i\000s\000a\000t\000i\000o\000n\000\040\000:\000\040\000G\000e\000s\000t\000i\000o\000n\000\040\000d\000e\000\040\000c\000o\000n\000t\000e\000n\000u}{section.2.2}% 36
\BOOKMARK [2][-]{subsection.2.2.4}{\376\377\000D\000i\000a\000g\000r\000a\000m\000m\000e\000\040\000d\000e\000\040\000c\000a\000s\000\040\000d\000'\000u\000t\000i\000l\000i\000s\000a\000t\000i\000o\000n\000\040\000:\000\040\000G\000e\000s\000t\000i\000o\000n\000\040\000d\000e\000s\000\040\000t\000e\000n\000a\000n\000t\000s\000,\000\040\000\351\000d\000i\000t\000i\000o\000n\000s\000\040\000e\000t\000\040\000p\000e\000r\000m\000i\000s\000s\000i\000o\000n\000s}{section.2.2}% 37
\BOOKMARK [2][-]{subsection.2.2.5}{\376\377\000D\000i\000a\000g\000r\000a\000m\000m\000e\000\040\000d\000e\000\040\000c\000l\000a\000s\000s\000e\000s}{section.2.2}% 38
\BOOKMARK [2][-]{subsection.2.2.6}{\376\377\000D\000i\000a\000g\000r\000a\000m\000m\000e\000s\000\040\000d\000e\000\040\000s\000\351\000q\000u\000e\000n\000c\000e}{section.2.2}% 39
\BOOKMARK [1][-]{section.2.3}{\376\377\000C\000h\000a\000r\000t\000e\000\040\000G\000r\000a\000p\000h\000i\000q\000u\000e}{chapter.2}% 40
\BOOKMARK [2][-]{subsection.2.3.1}{\376\377\000L\000o\000g\000o\000\040\000e\000t\000\040\000I\000d\000e\000n\000t\000i\000t\000\351\000\040\000V\000i\000s\000u\000e\000l\000l\000e\000\040\000:}{section.2.3}% 41
\BOOKMARK [2][-]{subsection.2.3.2}{\376\377\000P\000a\000l\000e\000t\000t\000e\000\040\000d\000e\000\040\000c\000o\000u\000l\000e\000u\000r\000s}{section.2.3}% 42
\BOOKMARK [2][-]{subsection.2.3.3}{\376\377\000T\000y\000p\000o\000g\000r\000a\000p\000h\000i\000e}{section.2.3}% 43
\BOOKMARK [2][-]{subsection.2.3.4}{\376\377\000B\000o\000u\000t\000o\000n\000s\000\040\000e\000t\000\040\000I\000n\000t\000e\000r\000a\000c\000t\000i\000o\000n\000s}{section.2.3}% 44
\BOOKMARK [2][-]{subsection.2.3.5}{\376\377\000I\000c\000\364\000n\000e\000s}{section.2.3}% 45
\BOOKMARK [2][-]{subsection.2.3.6}{\376\377\000L\000a\000\040\000C\000o\000n\000c\000e\000p\000t\000i\000o\000n\000\040\000d\000'\000I\000n\000t\000e\000r\000f\000a\000c\000e\000s\000\040\000:}{section.2.3}% 46
\BOOKMARK [0][-]{chapter.3}{\376\377\000O\000u\000t\000i\000l\000s\000,\000\040\000M\000\351\000t\000h\000o\000d\000o\000l\000o\000g\000i\000e\000s\000\040\000e\000t\000\040\000A\000r\000c\000h\000i\000t\000e\000c\000t\000u\000r\000e}{}% 47
\BOOKMARK [1][-]{section.3.1}{\376\377\000O\000u\000t\000i\000l\000s\000\040\000d\000e\000\040\000c\000o\000n\000c\000e\000p\000t\000i\000o\000n\000\040\000e\000t\000\040\000m\000o\000d\000\351\000l\000i\000s\000a\000t\000i\000o\000n}{chapter.3}% 48
\BOOKMARK [1][-]{section.3.2}{\376\377\000L\000a\000n\000g\000a\000g\000e\000s\000\040\000d\000e\000\040\000p\000r\000o\000g\000r\000a\000m\000m\000a\000t\000i\000o\000n}{chapter.3}% 49
\BOOKMARK [1][-]{section.3.3}{\376\377\000F\000r\000a\000m\000e\000w\000o\000r\000k\000\040\000e\000t\000\040\000b\000i\000b\000l\000i\000o\000t\000h\000\350\000q\000u\000e\000s}{chapter.3}% 50
\BOOKMARK [1][-]{section.3.4}{\376\377\000O\000u\000t\000i\000l\000s\000\040\000e\000t\000\040\000l\000o\000g\000i\000c\000i\000e\000l\000s}{chapter.3}% 51
\BOOKMARK [1][-]{section.3.5}{\376\377\000E\000n\000v\000i\000r\000o\000n\000n\000e\000m\000e\000n\000t\000\040\000d\000e\000\040\000T\000e\000s\000t}{chapter.3}% 52
\BOOKMARK [1][-]{section.3.6}{\376\377\000M\000\351\000t\000h\000o\000d\000o\000l\000o\000g\000i\000e}{chapter.3}% 53
\BOOKMARK [2][-]{subsection.3.6.1}{\376\377\000T\000e\000s\000t\000\040\000D\000r\000i\000v\000e\000n\000\040\000D\000e\000v\000e\000l\000o\000p\000m\000e\000n\000t}{section.3.6}% 54
\BOOKMARK [2][-]{subsection.3.6.2}{\376\377\000D\000o\000m\000a\000i\000n\000-\000D\000r\000i\000v\000e\000n\000\040\000D\000e\000s\000i\000g\000n\000\040\000\050\000D\000D\000D\000\051}{section.3.6}% 55
\BOOKMARK [2][-]{subsection.3.6.3}{\376\377\000D\000\351\000v\000e\000l\000o\000p\000p\000e\000m\000e\000n\000t\000\040\000b\000a\000s\000\351\000\040\000s\000u\000r\000\040\000l\000e\000\040\000t\000r\000o\000n\000c\000\040\000\050\000T\000r\000u\000n\000k\000-\000B\000a\000s\000e\000d\000\040\000D\000e\000v\000e\000l\000o\000p\000m\000e\000n\000t\000\051}{section.3.6}% 56
\BOOKMARK [2][-]{subsection.3.6.4}{\376\377\000M\000u\000l\000t\000i\000t\000e\000n\000a\000n\000c\000y\000\040\000:\000\040\000U\000n\000e\000\040\000A\000r\000c\000h\000i\000t\000e\000c\000t\000u\000r\000e\000\040\000E\000f\000f\000i\000c\000a\000c\000e\000\040\000e\000t\000\040\000\311\000v\000o\000l\000u\000t\000i\000v\000e\000\040\000p\000o\000u\000r\000\040\000l\000e\000s\000\040\000A\000p\000p\000l\000i\000c\000a\000t\000i\000o\000n\000s\000\040\000S\000a\000a\000S}{section.3.6}% 57
\BOOKMARK [1][-]{section.3.7}{\376\377\000A\000r\000c\000h\000i\000t\000e\000c\000t\000u\000r\000e\000\040\000d\000e\000\040\000l\000a\000\040\000s\000o\000l\000u\000t\000i\000o\000n}{chapter.3}% 58
\BOOKMARK [2][-]{subsection.3.7.1}{\376\377\000A\000r\000c\000h\000i\000t\000e\000c\000t\000u\000r\000e\000\040\000d\000e\000\040\000l\000a\000\040\000s\000o\000l\000u\000t\000i\000o\000n\000\040\000F\000a\000w\000r\000i\000-\000C\000M\000S\000\040\000s\000u\000i\000v\000a\000n\000t\000\040\000l\000e\000\040\000D\000D\000D}{section.3.7}% 59
\BOOKMARK [2][-]{subsection.3.7.2}{\376\377\000A\000r\000c\000h\000i\000t\000e\000c\000t\000u\000r\000e\000\040\000t\000e\000c\000h\000n\000i\000q\000u\000e\000\040\000s\000u\000i\000v\000a\000n\000t\000\040\000l\000e\000\040\000T\000e\000m\000p\000l\000a\000t\000e\000\040\000d\040\031\000A\000B\000P}{section.3.7}% 60
\BOOKMARK [0][-]{chapter.4}{\376\377\000I\000m\000p\000l\000\351\000m\000e\000n\000t\000a\000t\000i\000o\000n\000\040\000e\000t\000\040\000R\000\351\000a\000l\000i\000s\000a\000t\000i\000o\000n}{}% 61
\BOOKMARK [1][-]{section.4.1}{\376\377\000M\000i\000s\000e\000\040\000e\000n\000\040\000p\000l\000a\000c\000e\000\040\000d\000e\000\040\000l\000'\000e\000n\000v\000i\000r\000o\000n\000n\000e\000m\000e\000n\000t\000\040\000d\000e\000\040\000d\000\351\000v\000e\000l\000o\000p\000p\000e\000m\000e\000n\000t}{chapter.4}% 62
\BOOKMARK [1][-]{section.4.2}{\376\377\000C\000o\000u\000c\000h\000e\000\040\000d\000e\000\040\000d\000o\000m\000a\000i\000n\000e\000\040\000\050\000D\000o\000m\000a\000i\000n\000\040\000L\000a\000y\000e\000r\000\051}{chapter.4}% 63
\BOOKMARK [1][-]{section.4.3}{\376\377\000C\000o\000u\000c\000h\000e\000\040\000d\000'\000i\000n\000f\000r\000a\000s\000t\000r\000u\000c\000t\000u\000r\000e\000\040\000\050\000I\000n\000f\000r\000a\000s\000t\000r\000u\000c\000t\000u\000r\000e\000\040\000L\000a\000y\000e\000r\000\051}{chapter.4}% 64
\BOOKMARK [1][-]{section.4.4}{\376\377\000C\000o\000u\000c\000h\000e\000\040\000d\000'\000a\000p\000p\000l\000i\000c\000a\000t\000i\000o\000n\000\040\000\050\000A\000p\000p\000l\000i\000c\000a\000t\000i\000o\000n\000\040\000L\000a\000y\000e\000r\000\051}{chapter.4}% 65
\BOOKMARK [1][-]{section.4.5}{\376\377\000C\000o\000u\000c\000h\000e\000\040\000d\000e\000\040\000p\000r\000\351\000s\000e\000n\000t\000a\000t\000i\000o\000n\000\040\000\050\000P\000r\000e\000s\000e\000n\000t\000a\000t\000i\000o\000n\000\040\000L\000a\000y\000e\000r\000\051}{chapter.4}% 66
\BOOKMARK [1][-]{section.4.6}{\376\377\000I\000n\000t\000\351\000g\000r\000a\000t\000i\000o\000n\000\040\000d\000'\000I\000d\000e\000n\000t\000i\000t\000y\000\040\000S\000e\000r\000v\000e\000r\000\040\000d\000a\000n\000s\000\040\000F\000a\000w\000r\000i\000-\000C\000M\000S\000\040\000a\000v\000e\000c\000\040\000l\000'\000A\000B\000P\000\040\000F\000r\000a\000m\000e\000w\000o\000r\000k}{chapter.4}% 67
\BOOKMARK [1][-]{section.4.7}{\376\377\000G\000e\000s\000t\000i\000o\000n\000\040\000d\000e\000s\000\040\000t\000e\000n\000a\000n\000t\000s}{chapter.4}% 68
\BOOKMARK [1][-]{section.4.8}{\376\377\000I\000n\000t\000e\000r\000f\000a\000c\000e\000\040\000d\040\031\000u\000t\000i\000l\000i\000s\000a\000t\000e\000u\000r}{chapter.4}% 69
\BOOKMARK [2][-]{subsection.4.8.1}{\376\377\000A\000u\000t\000h\000e\000n\000t\000i\000f\000i\000c\000a\000t\000i\000o\000n\000\040\000d\000e\000\040\000l\040\031\000a\000p\000p\000l\000i\000c\000a\000t\000i\000o\000n\000\040\000:}{section.4.8}% 70
\BOOKMARK [2][-]{subsection.4.8.2}{\376\377\000I\000n\000t\000e\000r\000f\000a\000c\000e\000\040\000S\000u\000p\000e\000r\000\040\000A\000d\000m\000i\000n}{section.4.8}% 71
\BOOKMARK [2][-]{subsection.4.8.3}{\376\377\000I\000n\000t\000e\000r\000f\000a\000c\000e\000\040\000T\000e\000n\000a\000n\000t}{section.4.8}% 72
\BOOKMARK [0][-]{chapter*.100}{\376\377\000C\000o\000n\000c\000l\000u\000s\000i\000o\000n\000\040\000g\000\351\000n\000\351\000r\000a\000l\000e\000\040}{}% 73
\BOOKMARK [0][-]{appendix.A}{\376\377\000G\000l\000o\000s\000s\000a\000i\000r\000e}{}% 74
\BOOKMARK [0][-]{appendix.B}{\376\377\000A\000c\000r\000o\000n\000y\000m\000s}{}% 75
\BOOKMARK [0][-]{appendix*.101}{\376\377\000B\000i\000b\000l\000i\000o\000g\000r\000a\000p\000h\000y}{}% 76
