This is pdfTeX, Version 3.141592653-2.6-1.40.25 (MiKTeX 24.1) (preloaded format=pdflatex 2024.7.2)  6 JUL 2024 16:40
entering extended mode
 restricted \write18 enabled.
 file:line:error style messages enabled.
 %&-line parsing enabled.
**c:/Users/anass/OneDrive/Documents/ReporTex/main.tex
(c:/Users/anass/OneDrive/Documents/ReporTex/main.tex
LaTeX2e <2023-11-01> patch level 1
L3 programming layer <2024-01-04>
(C:\Program Files\MiKTeX\tex/latex/base\book.cls
Document Class: book 2023/05/17 v1.4n Standard LaTeX document class
(C:\Program Files\MiKTeX\tex/latex/base\bk12.clo
File: bk12.clo 2023/05/17 v1.4n Standard LaTeX file (size option)
)
\c@part=\count187
\c@chapter=\count188
\c@section=\count189
\c@subsection=\count190
\c@subsubsection=\count191
\c@paragraph=\count192
\c@subparagraph=\count193
\c@figure=\count194
\c@table=\count195
\abovecaptionskip=\skip48
\belowcaptionskip=\skip49
\bibindent=\dimen140
) (Packages.tex (C:\Program Files\MiKTeX\tex/latex/base\fontenc.sty
Package: fontenc 2021/04/29 v2.0v Standard LaTeX package
) (C:\Program Files\MiKTeX\tex/latex/base\inputenc.sty
Package: inputenc 2021/02/14 v1.3d Input encoding file
\inpenc@prehook=\toks17
\inpenc@posthook=\toks18
) (C:\Program Files\MiKTeX\tex/latex/arabtex\arabtex.sty (C:\Program Files\MiKTeX\tex/latex/arabtex\aconfig.sty
LaTeX2e detected 
\a@moduledate=\count196
\a@maindate=\count197
)
Package: arabtex 2003/08/22  3.11 ArabTeX main module
 (C:\Program Files\MiKTeX\tex/latex/arabtex\arabaux.sty
Package: arabaux 2003/05/21  3.11 auxiliary macros for ArabTeX
) (C:\Program Files\MiKTeX\tex/latex/arabtex\acmd.sty
Package: acmd 2003/08/20  3.11 Arabic command processing 
) (C:\Program Files\MiKTeX\tex/latex/arabtex\afonts.sty
Package: afonts 1995/11/16  3.04 define Naskh font 
 (C:\Program Files\MiKTeX\tex/latex/arabtex\afonts2.sty
Package: afonts2 1998/10/19  3.10 define Naskh fonts for LaTeX2e
)) (C:\Program Files\MiKTeX\tex/latex/arabtex\ascan.sty
Package: ascan 2003/08/22  3.11 standard ZDMG input encoding 
 (ArabTeX) scanner for code `arabtex' installed. (ArabTeX) input encoding set to ArabTeX standard conventions.) (C:\Program Files\MiKTeX\tex/latex/arabtex\aparse.sty
Package: aparse 2003/05/26  3.11 get syllables 
) (C:\Program Files\MiKTeX\tex/latex/arabtex\awrite.sty
Package: awrite 2003/06/05  3.11 build output word 
 (C:\Program Files\MiKTeX\tex/latex/arabtex\xarbsymb.sty
Package: xarbsymb 1998/07/15  3.07 symbolic output encoding 
) (C:\Program Files\MiKTeX\tex/latex/arabtex\arabskel.sty
Package: arabskel 2000/06/04  3.10 character skeleton definitions 
) (C:\Program Files\MiKTeX\tex/latex/arabtex\xarbskel.sty
Package: xarbskel 1999/07/17  3.09 character skeleton definitions 
) (C:\Program Files\MiKTeX\tex/latex/arabtex\aboxes.sty
Package: aboxes 2003/05/28  3.11 build output boxes
) (C:\Program Files\MiKTeX\tex/latex/arabtex\arabtoks.sty
Package: arabtoks 1999/07/17  3.09 ArabTeX CS token definitions 
) (C:\Program Files\MiKTeX\tex/latex/arabtex\arabchrs.sty
Package: arabchrs 1998/07/11  3.07 letter token definitions 
)) (C:\Program Files\MiKTeX\tex/latex/arabtex\aligs.sty
Package: aligs 2003/05/26  3.11 compute ligatures
) (C:\Program Files\MiKTeX\tex/latex/arabtex\aoutput.sty
Package: aoutput 2000/06/04  3.10 build output lines
) (C:\Program Files\MiKTeX\tex/latex/arabtex\abidir.sty
Package: abidir 2003/08/22  3.11 bidirectional linebreaking
) (C:\Program Files\MiKTeX\tex/latex/arabtex\atrans.sty
Package: atrans 2003/06/14  3.11 generate the transliteration 
 (ArabTeX) ZDMG transliteration.) (C:\Program Files\MiKTeX\tex/latex/arabtex\alatex.sty
Package: alatex 2003/05/04  3.11 ArabTeX extensions for LaTeX 
 (C:\Program Files\MiKTeX\tex/latex/arabtex\afoot.sty
Package: afoot 2003/05/12  3.11 ArabTeX footnotes
)) (C:\Program Files\MiKTeX\tex/latex/arabtex\abjad.sty
Package: abjad 2003/04/26  3.11 abjad numerals 
) (C:\Program Files\MiKTeX\tex/latex/arabtex\apatch.sty (C:\Program Files\MiKTeX\tex/latex/arabtex\alists.sty
Package: alists 2003/04/26  3.11 inverted list macros
) (C:\Program Files\MiKTeX\tex/latex/arabtex\asect.sty
Package: asect 2003/04/26  3.11 section macros for Arabic
) (C:\Program Files\MiKTeX\tex/latex/arabtex\atabg.sty
Package: atabg 1997/01/21  3.05 LaTeX tabbing macros for Arabic
) (C:\Program Files\MiKTeX\tex/latex/arabtex\alocal.sty (ArabTeX) 3.11 local stub, 26.02.2006)
Package: apatch 2006/07/02  3.11s last minute patches 
)
Arabic processor `ArabTeX' [20060702 patch level 3.11s (02.07.2006)]
(ArabTeX) ... now be patient ... ) (C:\Program Files\MiKTeX\tex/latex/arabtex\utf8.sty (C:\Program Files\MiKTeX\tex/latex/arabtex\utfcode.sty
Package: utfcode 2002/03/07  3.10a Arabic+Hebrew segment of UTF-8
\u@lb=\count293
\u@lq=\count294
)
Package: utf8 2000/06/13  3.10 UTF-8 input encoding 
 (ArabTeX) scanner for code UTF-8 installed.) (ArabTeX) input encoding set to UTF-8 conventions (C:\Program Files\MiKTeX\tex/generic/babel\babel.sty
Package: babel 2024/01/07 v24.1 The Babel package
\babel@savecnt=\count295
\U@D=\dimen163
\l@unhyphenated=\language79
 (C:\Program Files\MiKTeX\tex/generic/babel\txtbabel.def)
\bbl@readstream=\read2
\bbl@dirlevel=\count296

*************************************
* Local config file bblopts.cfg used
*
(C:\Program Files\MiKTeX\tex/latex/arabi\bblopts.cfg
File: bblopts.cfg 2005/09/08 v0.1 add Arabic and Farsi to "declared" options of babel
)
Package babel Info: You haven't specified a language as a class or package
(babel)             option. I'll load 'nil'. Reported on input line 4342.
 (C:\Program Files\MiKTeX\tex/generic/babel\nil.ldf
Language: nil 2024/01/07 v24.1 Nil language
\l@nil=\language80
)) (C:\Program Files\MiKTeX\tex/latex/svg\svg.sty
Package: svg 2020/11/26 v2.02k (include SVG pictures)
 (C:\Program Files\MiKTeX\tex/generic/iftex\iftex.sty
Package: iftex 2022/02/03 v1.0f TeX engine tests
) (C:\Program Files\MiKTeX\tex/latex/koma-script\scrbase.sty
Package: scrbase 2023/07/07 v3.41 KOMA-Script package (KOMA-Script-independent basics and keyval usage)
 (C:\Program Files\MiKTeX\tex/latex/koma-script\scrlfile.sty
Package: scrlfile 2023/07/07 v3.41 KOMA-Script package (file load hooks)
 (C:\Program Files\MiKTeX\tex/latex/koma-script\scrlfile-hook.sty
Package: scrlfile-hook 2023/07/07 v3.41 KOMA-Script package (using LaTeX hooks)
 (C:\Program Files\MiKTeX\tex/latex/koma-script\scrlogo.sty
Package: scrlogo 2023/07/07 v3.41 KOMA-Script package (logo)
))) (C:\Program Files\MiKTeX\tex/latex/graphics\keyval.sty
Package: keyval 2022/05/29 v1.15 key=value parser (DPC)
\KV@toks@=\toks39
)
Applying: [2021/05/01] Usage of raw or classic option list on input line 252.
Already applied: [0000/00/00] Usage of raw or classic option list on input line 368.
) (C:\Program Files\MiKTeX\tex/generic/pdftexcmds\pdftexcmds.sty
Package: pdftexcmds 2020-06-27 v0.33 Utility functions of pdfTeX for LuaTeX (HO)
 (C:\Program Files\MiKTeX\tex/generic/infwarerr\infwarerr.sty
Package: infwarerr 2019/12/03 v1.5 Providing info/warning/error messages (HO)
) (C:\Program Files\MiKTeX\tex/generic/ltxcmds\ltxcmds.sty
Package: ltxcmds 2023-12-04 v1.26 LaTeX kernel commands for general use (HO)
)
Package pdftexcmds Info: \pdf@primitive is available.
Package pdftexcmds Info: \pdf@ifprimitive is available.
Package pdftexcmds Info: \pdfdraftmode found.
) (C:\Program Files\MiKTeX\tex/latex/trimspaces\trimspaces.sty
Package: trimspaces 2009/09/17 v1.1 Trim spaces around a token list
) (C:\Program Files\MiKTeX\tex/latex/graphics\graphicx.sty
Package: graphicx 2021/09/16 v1.2d Enhanced LaTeX Graphics (DPC,SPQR)
 (C:\Program Files\MiKTeX\tex/latex/graphics\graphics.sty
Package: graphics 2022/03/10 v1.4e Standard LaTeX Graphics (DPC,SPQR)
 (C:\Program Files\MiKTeX\tex/latex/graphics\trig.sty
Package: trig 2021/08/11 v1.11 sin cos tan (DPC)
) (C:\Program Files\MiKTeX\tex/latex/graphics-cfg\graphics.cfg
File: graphics.cfg 2016/06/04 v1.11 sample graphics configuration
)
Package graphics Info: Driver file: pdftex.def on input line 107.
 (C:\Program Files\MiKTeX\tex/latex/graphics-def\pdftex.def
File: pdftex.def 2022/09/22 v1.2b Graphics/color driver for pdftex
))
\Gin@req@height=\dimen164
\Gin@req@width=\dimen165
) (C:\Program Files\MiKTeX\tex/latex/tools\shellesc.sty
Package: shellesc 2023/07/08 v1.0d unified shell escape interface for LaTeX
Package shellesc Info: Restricted shell escape enabled on input line 77.
)
\c@svg@param@lastpage=\count297
\svg@box=\box66
\c@svg@param@currpage=\count298
) (C:\Program Files\MiKTeX\tex/latex/xcolor\xcolor.sty
Package: xcolor 2023/11/15 v3.01 LaTeX color extensions (UK)
 (C:\Program Files\MiKTeX\tex/latex/graphics-cfg\color.cfg
File: color.cfg 2016/01/02 v1.6 sample color configuration
)
Package xcolor Info: Driver file: pdftex.def on input line 274.
 (C:\Program Files\MiKTeX\tex/latex/graphics\mathcolor.ltx)
Package xcolor Info: Model `cmy' substituted by `cmy0' on input line 1350.
Package xcolor Info: Model `hsb' substituted by `rgb' on input line 1354.
Package xcolor Info: Model `RGB' extended on input line 1366.
Package xcolor Info: Model `HTML' substituted by `rgb' on input line 1368.
Package xcolor Info: Model `Hsb' substituted by `hsb' on input line 1369.
Package xcolor Info: Model `tHsb' substituted by `hsb' on input line 1370.
Package xcolor Info: Model `HSB' substituted by `hsb' on input line 1371.
Package xcolor Info: Model `Gray' substituted by `gray' on input line 1372.
Package xcolor Info: Model `wave' substituted by `hsb' on input line 1373.
) (C:\Program Files\MiKTeX\tex/latex/transparent\transparent.sty
Package: transparent 2022-10-27 v1.5 Transparency with color stacks
 (C:\Program Files\MiKTeX\tex/latex/transparent\transparent-nometadata.sty
Package: transparent-nometadata 2022-10-27 v1.5 Transparency via pdfTeX's color stack (HO)
 (C:\Program Files\MiKTeX\tex/latex/auxhook\auxhook.sty
Package: auxhook 2019-12-17 v1.6 Hooks for auxiliary files (HO)


Package auxhook Warning: Cannot patch \document,
(auxhook)                using \AtBeginDocument instead.

))) (C:\Program Files\MiKTeX\tex/latex/pgf/systemlayer\pgfsys.sty (C:\Program Files\MiKTeX\tex/latex/pgf/utilities\pgfrcs.sty (C:\Program Files\MiKTeX\tex/generic/pgf/utilities\pgfutil-common.tex
\pgfutil@everybye=\toks40
\pgfutil@tempdima=\dimen166
\pgfutil@tempdimb=\dimen167
) (C:\Program Files\MiKTeX\tex/generic/pgf/utilities\pgfutil-latex.def
\pgfutil@abb=\box67
) (C:\Program Files\MiKTeX\tex/generic/pgf/utilities\pgfrcs.code.tex (C:\Program Files\MiKTeX\tex/generic/pgf\pgf.revision.tex)
Package: pgfrcs 2023-01-15 v3.1.10 (3.1.10)
)) (C:\Program Files\MiKTeX\tex/generic/pgf/systemlayer\pgfsys.code.tex
Package: pgfsys 2023-01-15 v3.1.10 (3.1.10)
 (C:\Program Files\MiKTeX\tex/generic/pgf/utilities\pgfkeys.code.tex
\pgfkeys@pathtoks=\toks41
\pgfkeys@temptoks=\toks42
 (C:\Program Files\MiKTeX\tex/generic/pgf/utilities\pgfkeyslibraryfiltered.code.tex
\pgfkeys@tmptoks=\toks43
))
\pgf@x=\dimen168
\pgf@y=\dimen169
\pgf@xa=\dimen170
\pgf@ya=\dimen171
\pgf@xb=\dimen172
\pgf@yb=\dimen173
\pgf@xc=\dimen174
\pgf@yc=\dimen175
\pgf@xd=\dimen176
\pgf@yd=\dimen177
\w@pgf@writea=\write5
\r@pgf@reada=\read3
\c@pgf@counta=\count299
\c@pgf@countb=\count300
\c@pgf@countc=\count301
\c@pgf@countd=\count302
\t@pgf@toka=\toks44
\t@pgf@tokb=\toks45
\t@pgf@tokc=\toks46
\pgf@sys@id@count=\count303
 (C:\Program Files\MiKTeX\tex/generic/pgf/systemlayer\pgf.cfg
File: pgf.cfg 2023-01-15 v3.1.10 (3.1.10)
)
Driver file for pgf: pgfsys-pdftex.def
 (C:\Program Files\MiKTeX\tex/generic/pgf/systemlayer\pgfsys-pdftex.def
File: pgfsys-pdftex.def 2023-01-15 v3.1.10 (3.1.10)
 (C:\Program Files\MiKTeX\tex/generic/pgf/systemlayer\pgfsys-common-pdf.def
File: pgfsys-common-pdf.def 2023-01-15 v3.1.10 (3.1.10)
))) (C:\Program Files\MiKTeX\tex/generic/pgf/systemlayer\pgfsyssoftpath.code.tex
File: pgfsyssoftpath.code.tex 2023-01-15 v3.1.10 (3.1.10)
\pgfsyssoftpath@smallbuffer@items=\count304
\pgfsyssoftpath@bigbuffer@items=\count305
) (C:\Program Files\MiKTeX\tex/generic/pgf/systemlayer\pgfsysprotocol.code.tex
File: pgfsysprotocol.code.tex 2023-01-15 v3.1.10 (3.1.10)
)) (C:\Program Files\MiKTeX\tex/latex/amsmath\amsmath.sty
Package: amsmath 2023/05/13 v2.17o AMS math features
\@mathmargin=\skip52

For additional information on amsmath, use the `?' option.
(C:\Program Files\MiKTeX\tex/latex/amsmath\amstext.sty
Package: amstext 2021/08/26 v2.01 AMS text
 (C:\Program Files\MiKTeX\tex/latex/amsmath\amsgen.sty
File: amsgen.sty 1999/11/30 v2.0 generic functions
\@emptytoks=\toks47
\ex@=\dimen178
)) (C:\Program Files\MiKTeX\tex/latex/amsmath\amsbsy.sty
Package: amsbsy 1999/11/29 v1.2d Bold Symbols
\pmbraise@=\dimen179
) (C:\Program Files\MiKTeX\tex/latex/amsmath\amsopn.sty
Package: amsopn 2022/04/08 v2.04 operator names
)
\inf@bad=\count306
LaTeX Info: Redefining \frac on input line 234.
\uproot@=\count307
\leftroot@=\count308
LaTeX Info: Redefining \overline on input line 399.
LaTeX Info: Redefining \colon on input line 410.
\classnum@=\count309
\DOTSCASE@=\count310
LaTeX Info: Redefining \ldots on input line 496.
LaTeX Info: Redefining \dots on input line 499.
LaTeX Info: Redefining \cdots on input line 620.
\Mathstrutbox@=\box68
\strutbox@=\box69
LaTeX Info: Redefining \big on input line 722.
LaTeX Info: Redefining \Big on input line 723.
LaTeX Info: Redefining \bigg on input line 724.
LaTeX Info: Redefining \Bigg on input line 725.
\big@size=\dimen180
LaTeX Font Info:    Redeclaring font encoding OML on input line 743.
LaTeX Font Info:    Redeclaring font encoding OMS on input line 744.
\macc@depth=\count311
LaTeX Info: Redefining \bmod on input line 905.
LaTeX Info: Redefining \pmod on input line 910.
LaTeX Info: Redefining \smash on input line 940.
LaTeX Info: Redefining \relbar on input line 970.
LaTeX Info: Redefining \Relbar on input line 971.
\c@MaxMatrixCols=\count312
\dotsspace@=\muskip16
\c@parentequation=\count313
\dspbrk@lvl=\count314
\tag@help=\toks48
\row@=\count315
\column@=\count316
\maxfields@=\count317
\andhelp@=\toks49
\eqnshift@=\dimen181
\alignsep@=\dimen182
\tagshift@=\dimen183
\tagwidth@=\dimen184
\totwidth@=\dimen185
\lineht@=\dimen186
\@envbody=\toks50
\multlinegap=\skip53
\multlinetaggap=\skip54
\mathdisplay@stack=\toks51
LaTeX Info: Redefining \[ on input line 2953.
LaTeX Info: Redefining \] on input line 2954.
) (C:\Program Files\MiKTeX\tex/latex/amscls\amsthm.sty
Package: amsthm 2020/05/29 v2.20.6
\thm@style=\toks52
\thm@bodyfont=\toks53
\thm@headfont=\toks54
\thm@notefont=\toks55
\thm@headpunct=\toks56
\thm@preskip=\skip55
\thm@postskip=\skip56
\thm@headsep=\skip57
\dth@everypar=\toks57
) (C:\Program Files\MiKTeX\tex/latex/amsfonts\amssymb.sty
Package: amssymb 2013/01/14 v3.01 AMS font symbols
 (C:\Program Files\MiKTeX\tex/latex/amsfonts\amsfonts.sty
Package: amsfonts 2013/01/14 v3.01 Basic AMSFonts support
\symAMSa=\mathgroup4
\symAMSb=\mathgroup5
LaTeX Font Info:    Redeclaring math symbol \hbar on input line 98.
LaTeX Font Info:    Overwriting math alphabet `\mathfrak' in version `bold'
(Font)                  U/euf/m/n --> U/euf/b/n on input line 106.
)) (C:\Program Files\MiKTeX\tex/latex/pgf/frontendlayer\tikz.sty (C:\Program Files\MiKTeX\tex/latex/pgf/basiclayer\pgf.sty
Package: pgf 2023-01-15 v3.1.10 (3.1.10)
 (C:\Program Files\MiKTeX\tex/latex/pgf/basiclayer\pgfcore.sty (C:\Program Files\MiKTeX\tex/generic/pgf/basiclayer\pgfcore.code.tex
Package: pgfcore 2023-01-15 v3.1.10 (3.1.10)
 (C:\Program Files\MiKTeX\tex/generic/pgf/math\pgfmath.code.tex (C:\Program Files\MiKTeX\tex/generic/pgf/math\pgfmathutil.code.tex) (C:\Program Files\MiKTeX\tex/generic/pgf/math\pgfmathparser.code.tex
\pgfmath@dimen=\dimen187
\pgfmath@count=\count318
\pgfmath@box=\box70
\pgfmath@toks=\toks58
\pgfmath@stack@operand=\toks59
\pgfmath@stack@operation=\toks60
) (C:\Program Files\MiKTeX\tex/generic/pgf/math\pgfmathfunctions.code.tex) (C:\Program Files\MiKTeX\tex/generic/pgf/math\pgfmathfunctions.basic.code.tex) (C:\Program Files\MiKTeX\tex/generic/pgf/math\pgfmathfunctions.trigonometric.code.tex) (C:\Program Files\MiKTeX\tex/generic/pgf/math\pgfmathfunctions.random.code.tex) (C:\Program Files\MiKTeX\tex/generic/pgf/math\pgfmathfunctions.comparison.code.tex) (C:\Program Files\MiKTeX\tex/generic/pgf/math\pgfmathfunctions.base.code.tex) (C:\Program Files\MiKTeX\tex/generic/pgf/math\pgfmathfunctions.round.code.tex) (C:\Program Files\MiKTeX\tex/generic/pgf/math\pgfmathfunctions.misc.code.tex) (C:\Program Files\MiKTeX\tex/generic/pgf/math\pgfmathfunctions.integerarithmetics.code.tex) (C:\Program Files\MiKTeX\tex/generic/pgf/math\pgfmathcalc.code.tex) (C:\Program Files\MiKTeX\tex/generic/pgf/math\pgfmathfloat.code.tex
\c@pgfmathroundto@lastzeros=\count319
)) (C:\Program Files\MiKTeX\tex/generic/pgf/math\pgfint.code.tex) (C:\Program Files\MiKTeX\tex/generic/pgf/basiclayer\pgfcorepoints.code.tex
File: pgfcorepoints.code.tex 2023-01-15 v3.1.10 (3.1.10)
\pgf@picminx=\dimen188
\pgf@picmaxx=\dimen189
\pgf@picminy=\dimen190
\pgf@picmaxy=\dimen191
\pgf@pathminx=\dimen192
\pgf@pathmaxx=\dimen193
\pgf@pathminy=\dimen194
\pgf@pathmaxy=\dimen195
\pgf@xx=\dimen196
\pgf@xy=\dimen197
\pgf@yx=\dimen198
\pgf@yy=\dimen199
\pgf@zx=\dimen256
\pgf@zy=\dimen257
) (C:\Program Files\MiKTeX\tex/generic/pgf/basiclayer\pgfcorepathconstruct.code.tex
File: pgfcorepathconstruct.code.tex 2023-01-15 v3.1.10 (3.1.10)
\pgf@path@lastx=\dimen258
\pgf@path@lasty=\dimen259
) (C:\Program Files\MiKTeX\tex/generic/pgf/basiclayer\pgfcorepathusage.code.tex
File: pgfcorepathusage.code.tex 2023-01-15 v3.1.10 (3.1.10)
\pgf@shorten@end@additional=\dimen260
\pgf@shorten@start@additional=\dimen261
) (C:\Program Files\MiKTeX\tex/generic/pgf/basiclayer\pgfcorescopes.code.tex
File: pgfcorescopes.code.tex 2023-01-15 v3.1.10 (3.1.10)
\pgfpic=\box71
\pgf@hbox=\box72
\pgf@layerbox@main=\box73
\pgf@picture@serial@count=\count320
) (C:\Program Files\MiKTeX\tex/generic/pgf/basiclayer\pgfcoregraphicstate.code.tex
File: pgfcoregraphicstate.code.tex 2023-01-15 v3.1.10 (3.1.10)
\pgflinewidth=\dimen262
) (C:\Program Files\MiKTeX\tex/generic/pgf/basiclayer\pgfcoretransformations.code.tex
File: pgfcoretransformations.code.tex 2023-01-15 v3.1.10 (3.1.10)
\pgf@pt@x=\dimen263
\pgf@pt@y=\dimen264
\pgf@pt@temp=\dimen265
) (C:\Program Files\MiKTeX\tex/generic/pgf/basiclayer\pgfcorequick.code.tex
File: pgfcorequick.code.tex 2023-01-15 v3.1.10 (3.1.10)
) (C:\Program Files\MiKTeX\tex/generic/pgf/basiclayer\pgfcoreobjects.code.tex
File: pgfcoreobjects.code.tex 2023-01-15 v3.1.10 (3.1.10)
) (C:\Program Files\MiKTeX\tex/generic/pgf/basiclayer\pgfcorepathprocessing.code.tex
File: pgfcorepathprocessing.code.tex 2023-01-15 v3.1.10 (3.1.10)
) (C:\Program Files\MiKTeX\tex/generic/pgf/basiclayer\pgfcorearrows.code.tex
File: pgfcorearrows.code.tex 2023-01-15 v3.1.10 (3.1.10)
\pgfarrowsep=\dimen266
) (C:\Program Files\MiKTeX\tex/generic/pgf/basiclayer\pgfcoreshade.code.tex
File: pgfcoreshade.code.tex 2023-01-15 v3.1.10 (3.1.10)
\pgf@max=\dimen267
\pgf@sys@shading@range@num=\count321
\pgf@shadingcount=\count322
) (C:\Program Files\MiKTeX\tex/generic/pgf/basiclayer\pgfcoreimage.code.tex
File: pgfcoreimage.code.tex 2023-01-15 v3.1.10 (3.1.10)
) (C:\Program Files\MiKTeX\tex/generic/pgf/basiclayer\pgfcoreexternal.code.tex
File: pgfcoreexternal.code.tex 2023-01-15 v3.1.10 (3.1.10)
\pgfexternal@startupbox=\box74
) (C:\Program Files\MiKTeX\tex/generic/pgf/basiclayer\pgfcorelayers.code.tex
File: pgfcorelayers.code.tex 2023-01-15 v3.1.10 (3.1.10)
) (C:\Program Files\MiKTeX\tex/generic/pgf/basiclayer\pgfcoretransparency.code.tex
File: pgfcoretransparency.code.tex 2023-01-15 v3.1.10 (3.1.10)
) (C:\Program Files\MiKTeX\tex/generic/pgf/basiclayer\pgfcorepatterns.code.tex
File: pgfcorepatterns.code.tex 2023-01-15 v3.1.10 (3.1.10)
) (C:\Program Files\MiKTeX\tex/generic/pgf/basiclayer\pgfcorerdf.code.tex
File: pgfcorerdf.code.tex 2023-01-15 v3.1.10 (3.1.10)
))) (C:\Program Files\MiKTeX\tex/generic/pgf/modules\pgfmoduleshapes.code.tex
File: pgfmoduleshapes.code.tex 2023-01-15 v3.1.10 (3.1.10)
\pgfnodeparttextbox=\box75
) (C:\Program Files\MiKTeX\tex/generic/pgf/modules\pgfmoduleplot.code.tex
File: pgfmoduleplot.code.tex 2023-01-15 v3.1.10 (3.1.10)
) (C:\Program Files\MiKTeX\tex/latex/pgf/compatibility\pgfcomp-version-0-65.sty
Package: pgfcomp-version-0-65 2023-01-15 v3.1.10 (3.1.10)
\pgf@nodesepstart=\dimen268
\pgf@nodesepend=\dimen269
) (C:\Program Files\MiKTeX\tex/latex/pgf/compatibility\pgfcomp-version-1-18.sty
Package: pgfcomp-version-1-18 2023-01-15 v3.1.10 (3.1.10)
)) (C:\Program Files\MiKTeX\tex/latex/pgf/utilities\pgffor.sty (C:\Program Files\MiKTeX\tex/latex/pgf/utilities\pgfkeys.sty (C:\Program Files\MiKTeX\tex/generic/pgf/utilities\pgfkeys.code.tex)) (C:\Program Files\MiKTeX\tex/latex/pgf/math\pgfmath.sty (C:\Program Files\MiKTeX\tex/generic/pgf/math\pgfmath.code.tex)) (C:\Program Files\MiKTeX\tex/generic/pgf/utilities\pgffor.code.tex
Package: pgffor 2023-01-15 v3.1.10 (3.1.10)
\pgffor@iter=\dimen270
\pgffor@skip=\dimen271
\pgffor@stack=\toks61
\pgffor@toks=\toks62
)) (C:\Program Files\MiKTeX\tex/generic/pgf/frontendlayer/tikz\tikz.code.tex
Package: tikz 2023-01-15 v3.1.10 (3.1.10)
 (C:\Program Files\MiKTeX\tex/generic/pgf/libraries\pgflibraryplothandlers.code.tex
File: pgflibraryplothandlers.code.tex 2023-01-15 v3.1.10 (3.1.10)
\pgf@plot@mark@count=\count323
\pgfplotmarksize=\dimen272
)
\tikz@lastx=\dimen273
\tikz@lasty=\dimen274
\tikz@lastxsaved=\dimen275
\tikz@lastysaved=\dimen276
\tikz@lastmovetox=\dimen277
\tikz@lastmovetoy=\dimen278
\tikzleveldistance=\dimen279
\tikzsiblingdistance=\dimen280
\tikz@figbox=\box76
\tikz@figbox@bg=\box77
\tikz@tempbox=\box78
\tikz@tempbox@bg=\box79
\tikztreelevel=\count324
\tikznumberofchildren=\count325
\tikznumberofcurrentchild=\count326
\tikz@fig@count=\count327
 (C:\Program Files\MiKTeX\tex/generic/pgf/modules\pgfmodulematrix.code.tex
File: pgfmodulematrix.code.tex 2023-01-15 v3.1.10 (3.1.10)
\pgfmatrixcurrentrow=\count328
\pgfmatrixcurrentcolumn=\count329
\pgf@matrix@numberofcolumns=\count330
)
\tikz@expandcount=\count331
 (C:\Program Files\MiKTeX\tex/generic/pgf/frontendlayer/tikz/libraries\tikzlibrarytopaths.code.tex
File: tikzlibrarytopaths.code.tex 2023-01-15 v3.1.10 (3.1.10)
))) (C:\Program Files\MiKTeX\tex/latex/tcolorbox\tcolorbox.sty
Package: tcolorbox 2024/01/10 version 6.2.0 text color boxes
 (C:\Program Files\MiKTeX\tex/latex/tools\verbatim.sty
Package: verbatim 2023-11-06 v1.5v LaTeX2e package for verbatim enhancements
\every@verbatim=\toks63
\verbatim@line=\toks64
\verbatim@in@stream=\read4
) (C:\Program Files\MiKTeX\tex/latex/environ\environ.sty
Package: environ 2014/05/04 v0.3 A new way to define environments
) (C:\Program Files\MiKTeX\tex/latex/etoolbox\etoolbox.sty
Package: etoolbox 2020/10/05 v2.5k e-TeX tools for LaTeX (JAW)
\etb@tempcnta=\count332
)
\tcb@titlebox=\box80
\tcb@upperbox=\box81
\tcb@lowerbox=\box82
\tcb@phantombox=\box83
\c@tcbbreakpart=\count333
\c@tcblayer=\count334
\c@tcolorbox@number=\count335
\l__tcobox_tmpa_box=\box84
\l__tcobox_tmpa_dim=\dimen281
\tcb@temp=\box85
\tcb@temp=\box86
\tcb@temp=\box87
\tcb@temp=\box88
) (C:\Program Files\MiKTeX\tex/latex/tools\tabularx.sty
Package: tabularx 2023/07/08 v2.11c `tabularx' package (DPC)
 (C:\Program Files\MiKTeX\tex/latex/tools\array.sty
Package: array 2023/10/16 v2.5g Tabular extension package (FMi)
\col@sep=\dimen282
\ar@mcellbox=\box89
\extrarowheight=\dimen283
\NC@list=\toks65
\extratabsurround=\skip58
\backup@length=\skip59
\ar@cellbox=\box90
)
\TX@col@width=\dimen284
\TX@old@table=\dimen285
\TX@old@col=\dimen286
\TX@target=\dimen287
\TX@delta=\dimen288
\TX@cols=\count336
\TX@ftn=\toks66
) (C:\Program Files\MiKTeX\tex/generic/pgf/frontendlayer/tikz/libraries\tikzlibrarycalc.code.tex
File: tikzlibrarycalc.code.tex 2023-01-15 v3.1.10 (3.1.10)
) (C:\Program Files\MiKTeX\tex/latex/algorithm2e\algorithm2e.sty
Package: algorithm2e 2017/07/18 v5.2 algorithms environments
\c@AlgoLine=\count337
 (C:\Program Files\MiKTeX\tex/latex/base\ifthen.sty
Package: ifthen 2022/04/13 v1.1d Standard LaTeX ifthen package (DPC)
)
\algocf@hangindent=\skip60
 (C:\Program Files\MiKTeX\tex/latex/ifoddpage\ifoddpage.sty
Package: ifoddpage 2022/10/18 v1.2 Conditionals for odd/even page detection
\c@checkoddpage=\count338
) (C:\Program Files\MiKTeX\tex/latex/tools\xspace.sty
Package: xspace 2014/10/28 v1.13 Space after command names (DPC,MH)
) (C:\Program Files\MiKTeX\tex/latex/relsize\relsize.sty
Package: relsize 2013/03/29 ver 4.1
)
\skiptotal=\skip61
\skiplinenumber=\skip62
\skiprule=\skip63
\skiphlne=\skip64
\skiptext=\skip65
\skiplength=\skip66
\algomargin=\skip67
\skipalgocfslide=\skip68
\algowidth=\dimen289
\inoutsize=\dimen290
\inoutindent=\dimen291
\interspacetitleruled=\dimen292
\interspacealgoruled=\dimen293
\interspacetitleboxruled=\dimen294
\algocf@ruledwidth=\skip69
\algocf@inoutbox=\box91
\algocf@inputbox=\box92
\AlCapSkip=\skip70
\AlCapHSkip=\skip71
\algoskipindent=\skip72
\algocf@nlbox=\box93
\algocf@hangingbox=\box94
\algocf@untilbox=\box95
\algocf@skipuntil=\skip73
\algocf@capbox=\box96
\algocf@lcaptionbox=\skip74
\algoheightruledefault=\skip75
\algoheightrule=\skip76
\algotitleheightruledefault=\skip77
\algotitleheightrule=\skip78
\c@algocfline=\count339
\c@algocfproc=\count340
\c@algocf=\count341
\algocf@algoframe=\box97
\algocf@algobox=\box98
) (C:\Program Files\MiKTeX\tex/latex/graphics\rotating.sty
Package: rotating 2016/08/11 v2.16d rotated objects in LaTeX
\c@r@tfl@t=\count342
\rotFPtop=\skip79
\rotFPbot=\skip80
\rot@float@box=\box99
\rot@mess@toks=\toks67
) (C:\Program Files\MiKTeX\tex/latex/bbding\bbding.sty
Package: bbding 1999/04/15 v1.01 Dingbats symbols
) (C:\Program Files\MiKTeX\tex/latex/cite\cite.sty
LaTeX Info: Redefining \cite on input line 302.
LaTeX Info: Redefining \nocite on input line 332.
Package: cite 2015/02/27  v 5.5
) (C:\Program Files\MiKTeX\tex/latex/graphics\lscape.sty
Package: lscape 2020/05/28 v3.02 Landscape Pages (DPC)
) (C:\Program Files\MiKTeX\tex/latex/setspace\setspace.sty
Package: setspace 2022/12/04 v6.7b set line spacing
) (C:\Program Files\MiKTeX\tex/latex/sectsty\sectsty.sty
Package: sectsty 2002/02/25 v2.0.2 Commands to change all sectional heading styles


LaTeX Warning: Command \underbar  has changed.
               Check if current package is valid.


LaTeX Warning: Command \underline  has changed.
               Check if current package is valid.

) (C:\Program Files\MiKTeX\tex/latex/doublestroke\dsfont.sty
Package: dsfont 1995/08/01 v0.1 Double stroke roman fonts
) (C:\Program Files\MiKTeX\tex/generic/iftex\ifpdf.sty
Package: ifpdf 2019/10/25 v3.4 ifpdf legacy package. Use iftex instead.
) (C:\Program Files\MiKTeX\tex/latex/subfigure\subfigure.sty
Package: subfigure 2002/07/30 v2.1.4 subfigure package
\subfigtopskip=\skip81
\subfigcapskip=\skip82
\subfigcaptopadj=\dimen295
\subfigbottomskip=\skip83
\subfigcapmargin=\dimen296
\subfiglabelskip=\skip84
\c@subfigure=\count343
\c@lofdepth=\count344
\c@subtable=\count345
\c@lotdepth=\count346

****************************************
* Local config file subfigure.cfg used *
****************************************
(C:\Program Files\MiKTeX\tex/latex/subfigure\subfigure.cfg)
\subfig@top=\skip85
\subfig@bottom=\skip86
) (C:\Program Files\MiKTeX\tex/latex/graphics\epsfig.sty
Package: epsfig 2017/06/25 v1.7b (e)psfig emulation (SPQR)
\epsfxsize=\dimen297
\epsfysize=\dimen298
) (C:\Program Files\MiKTeX\tex/latex/float\float.sty
Package: float 2001/11/08 v1.3d Float enhancements (AL)
\c@float@type=\count347
\float@exts=\toks68
\float@box=\box100
\@float@everytoks=\toks69
\@floatcapt=\box101
) (C:\Program Files\MiKTeX\tex/latex/titlesec\titlesec.sty
Package: titlesec 2023/10/27 v2.16 Sectioning titles
\ttl@box=\box102
\beforetitleunit=\skip87
\aftertitleunit=\skip88
\ttl@plus=\dimen299
\ttl@minus=\dimen300
\ttl@toksa=\toks70
\titlewidth=\dimen301
\titlewidthlast=\dimen302
\titlewidthfirst=\dimen303
) (C:\Program Files\MiKTeX\tex/latex/multibib\multibib.sty
Package: multibib 2008/12/10 v1.4 Multiple bibliographies for one document.
\mb@biblabelwidth=\count348
) (C:\Program Files\MiKTeX\tex/latex/fancyhdr\fancyhdr.sty
Package: fancyhdr 2024/04/23 v4.2 Extensive control of page headers and footers
\f@nch@headwidth=\skip89
\f@nch@O@elh=\skip90
\f@nch@O@erh=\skip91
\f@nch@O@olh=\skip92
\f@nch@O@orh=\skip93
\f@nch@O@elf=\skip94
\f@nch@O@erf=\skip95
\f@nch@O@olf=\skip96
\f@nch@O@orf=\skip97
) (C:\Program Files\MiKTeX\tex/latex/lipsum\lipsum.sty (C:\Program Files\MiKTeX\tex/latex/l3packages/l3keys2e\l3keys2e.sty (C:\Program Files\MiKTeX\tex/latex/l3kernel\expl3.sty
Package: expl3 2024-01-04 L3 programming layer (loader) 
 (C:\Program Files\MiKTeX\tex/latex/l3backend\l3backend-pdftex.def
File: l3backend-pdftex.def 2024-01-04 L3 backend support: PDF output (pdfTeX)
\l__color_backend_stack_int=\count349
\l__pdf_internal_box=\box103
))
Package: l3keys2e 2023-10-10 LaTeX2e option processing using LaTeX3 keys
)
Package: lipsum 2021-09-20 v2.7 150 paragraphs of Lorem Ipsum dummy text
\g__lipsum_par_int=\count350
\l__lipsum_a_int=\count351
\l__lipsum_b_int=\count352
 (C:\Program Files\MiKTeX\tex/latex/lipsum\lipsum.ltd.tex)) (C:\Program Files\MiKTeX\tex/generic/soul\soul.sty
Package: soul 2023-06-14 v3.1 Permit use of UTF-8 characters in soul (HO)
 (C:\Program Files\MiKTeX\tex/generic/soul\soul-ori.sty
Package: soul-ori 2023-06-14 v3.1 letterspacing/underlining (mf)
\SOUL@word=\toks71
\SOUL@lasttoken=\toks72
\SOUL@syllable=\toks73
\SOUL@cmds=\toks74
\SOUL@buffer=\toks75
\SOUL@token=\toks76
\SOUL@syllgoal=\dimen304
\SOUL@syllwidth=\dimen305
\SOUL@charkern=\dimen306
\SOUL@hyphkern=\dimen307
\SOUL@dimen=\dimen308
\SOUL@dimeni=\dimen309
\SOUL@minus=\count353
\SOUL@comma=\count354
\SOUL@apo=\count355
\SOUL@grave=\count356
\SOUL@spaceskip=\skip98
\SOUL@ttwidth=\dimen310
\SOUL@uldp=\dimen311
\SOUL@ulht=\dimen312
) (C:\Program Files\MiKTeX\tex/generic/etexcmds\etexcmds.sty
Package: etexcmds 2019/12/15 v1.7 Avoid name clashes with e-TeX commands (HO)
)) (C:\Program Files\MiKTeX\tex/latex/geometry\geometry.sty
Package: geometry 2020/01/02 v5.9 Page Geometry
 (C:\Program Files\MiKTeX\tex/generic/iftex\ifvtex.sty
Package: ifvtex 2019/10/25 v1.7 ifvtex legacy package. Use iftex instead.
)
\Gm@cnth=\count357
\Gm@cntv=\count358
\c@Gm@tempcnt=\count359
\Gm@bindingoffset=\dimen313
\Gm@wd@mp=\dimen314
\Gm@odd@mp=\dimen315
\Gm@even@mp=\dimen316
\Gm@layoutwidth=\dimen317
\Gm@layoutheight=\dimen318
\Gm@layouthoffset=\dimen319
\Gm@layoutvoffset=\dimen320
\Gm@dimlist=\toks77
 (C:\Program Files\MiKTeX\tex/latex/geometry\geometry.cfg)) (C:\Program Files\MiKTeX\tex/latex/hyperref\hyperref.sty
Package: hyperref 2023-11-26 v7.01g Hypertext links for LaTeX
 (C:\Program Files\MiKTeX\tex/latex/kvsetkeys\kvsetkeys.sty
Package: kvsetkeys 2022-10-05 v1.19 Key value parser (HO)
) (C:\Program Files\MiKTeX\tex/generic/kvdefinekeys\kvdefinekeys.sty
Package: kvdefinekeys 2019-12-19 v1.6 Define keys (HO)
) (C:\Program Files\MiKTeX\tex/generic/pdfescape\pdfescape.sty
Package: pdfescape 2019/12/09 v1.15 Implements pdfTeX's escape features (HO)
) (C:\Program Files\MiKTeX\tex/latex/hycolor\hycolor.sty
Package: hycolor 2020-01-27 v1.10 Color options for hyperref/bookmark (HO)
) (C:\Program Files\MiKTeX\tex/latex/letltxmacro\letltxmacro.sty
Package: letltxmacro 2019/12/03 v1.6 Let assignment for LaTeX macros (HO)
) (C:\Program Files\MiKTeX\tex/latex/hyperref\nameref.sty
Package: nameref 2023-11-26 v2.56 Cross-referencing by name of section
 (C:\Program Files\MiKTeX\tex/latex/refcount\refcount.sty
Package: refcount 2019/12/15 v3.6 Data extraction from label references (HO)
) (C:\Program Files\MiKTeX\tex/generic/gettitlestring\gettitlestring.sty
Package: gettitlestring 2019/12/15 v1.6 Cleanup title references (HO)
 (C:\Program Files\MiKTeX\tex/latex/kvoptions\kvoptions.sty
Package: kvoptions 2022-06-15 v3.15 Key value format for package options (HO)
))
\c@section@level=\count360
)
\@linkdim=\dimen321
\Hy@linkcounter=\count361
\Hy@pagecounter=\count362
 (C:\Program Files\MiKTeX\tex/latex/hyperref\pd1enc.def
File: pd1enc.def 2023-11-26 v7.01g Hyperref: PDFDocEncoding definition (HO)
Now handling font encoding PD1 ...
... no UTF-8 mapping file for font encoding PD1
) (C:\Program Files\MiKTeX\tex/generic/intcalc\intcalc.sty
Package: intcalc 2019/12/15 v1.3 Expandable calculations with integers (HO)
)
\Hy@SavedSpaceFactor=\count363
 (C:\Program Files\MiKTeX\tex/latex/hyperref\puenc.def
File: puenc.def 2023-11-26 v7.01g Hyperref: PDF Unicode definition (HO)
Now handling font encoding PU ...
... no UTF-8 mapping file for font encoding PU
)
Package hyperref Info: Hyper figures OFF on input line 4181.
Package hyperref Info: Link nesting OFF on input line 4186.
Package hyperref Info: Hyper index ON on input line 4189.
Package hyperref Info: Plain pages OFF on input line 4196.
Package hyperref Info: Backreferencing OFF on input line 4201.
Package hyperref Info: Implicit mode ON; LaTeX internals redefined.
Package hyperref Info: Bookmarks ON on input line 4448.
\c@Hy@tempcnt=\count364
 (C:\Program Files\MiKTeX\tex/latex/url\url.sty
\Urlmuskip=\muskip17
Package: url 2013/09/16  ver 3.4  Verb mode for urls, etc.
)
LaTeX Info: Redefining \url on input line 4786.
\XeTeXLinkMargin=\dimen322
 (C:\Program Files\MiKTeX\tex/generic/bitset\bitset.sty
Package: bitset 2019/12/09 v1.3 Handle bit-vector datatype (HO)
 (C:\Program Files\MiKTeX\tex/generic/bigintcalc\bigintcalc.sty
Package: bigintcalc 2019/12/15 v1.5 Expandable calculations on big integers (HO)
))
\Fld@menulength=\count365
\Field@Width=\dimen323
\Fld@charsize=\dimen324
Package hyperref Info: Hyper figures OFF on input line 6065.
Package hyperref Info: Link nesting OFF on input line 6070.
Package hyperref Info: Hyper index ON on input line 6073.
Package hyperref Info: backreferencing OFF on input line 6080.
Package hyperref Info: Link coloring OFF on input line 6085.
Package hyperref Info: Link coloring with OCG OFF on input line 6090.
Package hyperref Info: PDF/A mode OFF on input line 6095.
 (C:\Program Files\MiKTeX\tex/latex/base\atbegshi-ltx.sty
Package: atbegshi-ltx 2021/01/10 v1.0c Emulation of the original atbegshi
package with kernel methods
)
\Hy@abspage=\count366
\c@Item=\count367
\c@Hfootnote=\count368
)
Package hyperref Info: Driver (autodetected): hpdftex.
 (C:\Program Files\MiKTeX\tex/latex/hyperref\hpdftex.def
File: hpdftex.def 2023-11-26 v7.01g Hyperref driver for pdfTeX
 (C:\Program Files\MiKTeX\tex/latex/base\atveryend-ltx.sty
Package: atveryend-ltx 2020/08/19 v1.0a Emulation of the original atveryend package
with kernel methods
)
\Fld@listcount=\count369
\c@bookmark@seq@number=\count370
 (C:\Program Files\MiKTeX\tex/latex/rerunfilecheck\rerunfilecheck.sty
Package: rerunfilecheck 2022-07-10 v1.10 Rerun checks for auxiliary files (HO)
 (C:\Program Files\MiKTeX\tex/generic/uniquecounter\uniquecounter.sty
Package: uniquecounter 2019/12/15 v1.4 Provide unlimited unique counter (HO)
)
Package uniquecounter Info: New unique counter `rerunfilecheck' on input line 285.
)
\Hy@SectionHShift=\skip99
)

Package fancyhdr Warning: \fancyhead's `E' option without twoside option is useless.
(fancyhdr)                Please consider using the `twoside' option on input line 71.


Package fancyhdr Warning: \fancyhead's `E' option without twoside option is useless.
(fancyhdr)                Please consider using the `twoside' option on input line 73.

(C:\Program Files\MiKTeX\tex/latex/listings\listings.sty
\lst@mode=\count371
\lst@gtempboxa=\box104
\lst@token=\toks78
\lst@length=\count372
\lst@currlwidth=\dimen325
\lst@column=\count373
\lst@pos=\count374
\lst@lostspace=\dimen326
\lst@width=\dimen327
\lst@newlines=\count375
\lst@lineno=\count376
\lst@maxwidth=\dimen328
 (C:\Program Files\MiKTeX\tex/latex/listings\lstmisc.sty
File: lstmisc.sty 2023/02/27 1.9 (Carsten Heinz)
\c@lstnumber=\count377
\lst@skipnumbers=\count378
\lst@framebox=\box105
) (C:\Program Files\MiKTeX\tex/latex/listings\listings.cfg
File: listings.cfg 2023/02/27 1.9 listings configuration
))
Package: listings 2023/02/27 1.9 (Carsten Heinz)
 (C:\Program Files\MiKTeX\tex/latex/caption\caption.sty
Package: caption 2023/08/05 v3.6o Customizing captions (AR)
 (C:\Program Files\MiKTeX\tex/latex/caption\caption3.sty
Package: caption3 2023/07/31 v2.4d caption3 kernel (AR)
\caption@tempdima=\dimen329
\captionmargin=\dimen330
\caption@leftmargin=\dimen331
\caption@rightmargin=\dimen332
\caption@width=\dimen333
\caption@indent=\dimen334
\caption@parindent=\dimen335
\caption@hangindent=\dimen336
Package caption Info: Standard document class detected.
)
\c@caption@flags=\count379
\c@continuedfloat=\count380
Package caption Info: float package is loaded.
Package caption Info: hyperref package is loaded.
Package caption Info: listings package is loaded.
Package caption Info: rotating package is loaded.
Package caption Info: subfigure package is loaded.
) (C:\Program Files\MiKTeX\tex/latex/tools\longtable.sty
Package: longtable 2023-11-01 v4.19 Multi-page Table package (DPC)
\LTleft=\skip100
\LTright=\skip101
\LTpre=\skip102
\LTpost=\skip103
\LTchunksize=\count381
\LTcapwidth=\dimen337
\LT@head=\box106
\LT@firsthead=\box107
\LT@foot=\box108
\LT@lastfoot=\box109
\LT@gbox=\box110
\LT@cols=\count382
\LT@rows=\count383
\c@LT@tables=\count384
\c@LT@chunks=\count385
\LT@p@ftn=\toks79
) (C:\Program Files\MiKTeX\tex/latex/booktabs\booktabs.sty
Package: booktabs 2020/01/12 v1.61803398 Publication quality tables
\heavyrulewidth=\dimen338
\lightrulewidth=\dimen339
\cmidrulewidth=\dimen340
\belowrulesep=\dimen341
\belowbottomsep=\dimen342
\aboverulesep=\dimen343
\abovetopsep=\dimen344
\cmidrulesep=\dimen345
\cmidrulekern=\dimen346
\defaultaddspace=\dimen347
\@cmidla=\count386
\@cmidlb=\count387
\@aboverulesep=\dimen348
\@belowrulesep=\dimen349
\@thisruleclass=\count388
\@lastruleclass=\count389
\@thisrulewidth=\dimen350
) (C:\Program Files\MiKTeX\tex/latex/tools\afterpage.sty
Package: afterpage 2023/07/04 v1.08 After-Page Package (DPC)
\AP@output=\toks80
\AP@partial=\box111
\AP@footins=\box112
) (C:\Program Files\MiKTeX\tex/latex/glossaries/base\glossaries.sty
Package: glossaries 2024/04/03 v4.54 (NLCT)
 (C:\Program Files\MiKTeX\tex/latex/xkeyval\xkeyval.sty
Package: xkeyval 2022/06/16 v2.9 package option processing (HA)
 (C:\Program Files\MiKTeX\tex/generic/xkeyval\xkeyval.tex (C:\Program Files\MiKTeX\tex/generic/xkeyval\xkvutils.tex
\XKV@toks=\toks81
\XKV@tempa@toks=\toks82
)
\XKV@depth=\count390
File: xkeyval.tex 2014/12/03 v2.7a key=value parser (HA)
)) (C:\Program Files\MiKTeX\tex/latex/mfirstuc\mfirstuc.sty
Package: mfirstuc 2022/10/14 v2.08 (NLCT)
\@glsmfirst=\toks83
\@glsmrest=\toks84
) (C:\Program Files\MiKTeX\tex/latex/xfor\xfor.sty
Package: xfor 2009/02/05 v1.05 (NLCT)
) (C:\Program Files\MiKTeX\tex/latex/datatool\datatool-base.sty
Package: datatool-base 2019/09/27 v2.32 (NLCT)
 (C:\Program Files\MiKTeX\tex/latex/substr\substr.sty
Package: substr 2009/10/20 v1.2 Handle substrings
\c@su@anzahl=\count391
) (C:\Program Files\MiKTeX\tex/latex/datatool\datatool-fp.sty
Package: datatool-fp 2019/09/27 v2.32 (NLCT)
 (C:\Program Files\MiKTeX\tex/latex/fp\fp.sty
Package: fp 1995/04/02
 `Fixed Point Package', Version 0.8, April 2, 1995 (C) Michael Mehlich (C:\Program Files\MiKTeX\tex/latex/fp\defpattern.sty
Package: defpattern 1994/10/12
\actioncount=\count392
) (C:\Program Files\MiKTeX\tex/latex/fp\fp-basic.sty
Package: fp-basic 1996/05/13
\FP@xs=\count393
\FP@xia=\count394
\FP@xib=\count395
\FP@xfa=\count396
\FP@xfb=\count397
\FP@rega=\count398
\FP@regb=\count399
\FP@regs=\count400
\FP@times=\count401
) (C:\Program Files\MiKTeX\tex/latex/fp\fp-addons.sty
Package: fp-addons 1995/03/15
) (C:\Program Files\MiKTeX\tex/latex/fp\fp-snap.sty
Package: fp-snap 1995/04/05
) (C:\Program Files\MiKTeX\tex/latex/fp\fp-exp.sty
Package: fp-exp 1995/04/03
) (C:\Program Files\MiKTeX\tex/latex/fp\fp-trigo.sty
Package: fp-trigo 1995/04/14
) (C:\Program Files\MiKTeX\tex/latex/fp\fp-pas.sty
Package: fp-pas 1994/08/29
) (C:\Program Files\MiKTeX\tex/latex/fp\fp-random.sty
Package: fp-random 1995/02/23
\FPseed=\count402
) (C:\Program Files\MiKTeX\tex/latex/fp\fp-eqn.sty
Package: fp-eqn 1995/04/03
) (C:\Program Files\MiKTeX\tex/latex/fp\fp-upn.sty
Package: fp-upn 1996/10/21
) (C:\Program Files\MiKTeX\tex/latex/fp\fp-eval.sty
Package: fp-eval 1995/04/03
)))
\@dtl@toks=\toks85
\@dtl@tmpcount=\count403
\dtl@tmplength=\skip104
\dtl@sortresult=\count404
\@dtl@numgrpsepcount=\count405
\@dtl@datatype=\count406
\dtl@codeA=\count407
\dtl@codeB=\count408
\@dtl@foreach@level=\count409
) (C:\Program Files\MiKTeX\tex/latex/tracklang\tracklang.sty
Package: tracklang 2022/12/13 v1.6.1 (NLCT) Track Languages
 (C:\Program Files\MiKTeX\tex/generic/tracklang\tracklang.tex)) (C:\Program Files\MiKTeX\tex/latex/translator\translator.sty
Package: translator 2021-05-31 v1.12d Easy translation of strings in LaTeX
)
\gls@level=\count410
\@gls@tmpb=\toks86
\gls@tmplen=\skip105
\glskeylisttok=\toks87
\glslabeltok=\toks88
\glsshorttok=\toks89
\glslongtok=\toks90
 (C:\Program Files\MiKTeX\tex/latex/glossaries/styles\glossary-hypernav.sty
Package: glossary-hypernav 2024/04/03 v4.54 (NLCT)
) (C:\Program Files\MiKTeX\tex/latex/glossaries/styles\glossary-list.sty
Package: glossary-list 2024/04/03 v4.54 (NLCT)
\glslistdottedwidth=\skip106
) (C:\Program Files\MiKTeX\tex/latex/glossaries/styles\glossary-long.sty
Package: glossary-long 2024/04/03 v4.54 (NLCT)
\glsdescwidth=\skip107
\glspagelistwidth=\skip108
) (C:\Program Files\MiKTeX\tex/latex/glossaries/styles\glossary-super.sty
Package: glossary-super 2024/04/03 v4.54 (NLCT)
 (C:\Program Files\MiKTeX\tex/latex/supertabular\supertabular.sty
Package: supertabular 2020/02/02 v4.1g the supertabular environment
\c@tracingst=\count411
\ST@wd=\dimen351
\ST@rightskip=\skip109
\ST@leftskip=\skip110
\ST@parfillskip=\skip111
\ST@pageleft=\dimen352
\ST@headht=\dimen353
\ST@tailht=\dimen354
\ST@pagesofar=\dimen355
\ST@pboxht=\dimen356
\ST@lineht=\dimen357
\ST@prevht=\dimen358
\ST@toadd=\dimen359
\ST@dimen=\dimen360
\ST@pbox=\box113
)) (C:\Program Files\MiKTeX\tex/latex/glossaries/styles\glossary-tree.sty
Package: glossary-tree 2024/04/03 v4.54 (NLCT)
\glstreeindent=\skip112
)) (C:\Program Files\MiKTeX\tex/latex/lm\lmodern.sty
Package: lmodern 2015/05/01 v1.6.1 Latin Modern Fonts
LaTeX Font Info:    Overwriting symbol font `operators' in version `normal'
(Font)                  OT1/cmr/m/n --> OT1/lmr/m/n on input line 22.
LaTeX Font Info:    Overwriting symbol font `letters' in version `normal'
(Font)                  OML/cmm/m/it --> OML/lmm/m/it on input line 23.
LaTeX Font Info:    Overwriting symbol font `symbols' in version `normal'
(Font)                  OMS/cmsy/m/n --> OMS/lmsy/m/n on input line 24.
LaTeX Font Info:    Overwriting symbol font `largesymbols' in version `normal'
(Font)                  OMX/cmex/m/n --> OMX/lmex/m/n on input line 25.
LaTeX Font Info:    Overwriting symbol font `operators' in version `bold'
(Font)                  OT1/cmr/bx/n --> OT1/lmr/bx/n on input line 26.
LaTeX Font Info:    Overwriting symbol font `letters' in version `bold'
(Font)                  OML/cmm/b/it --> OML/lmm/b/it on input line 27.
LaTeX Font Info:    Overwriting symbol font `symbols' in version `bold'
(Font)                  OMS/cmsy/b/n --> OMS/lmsy/b/n on input line 28.
LaTeX Font Info:    Overwriting symbol font `largesymbols' in version `bold'
(Font)                  OMX/cmex/m/n --> OMX/lmex/m/n on input line 29.
LaTeX Font Info:    Overwriting math alphabet `\mathbf' in version `normal'
(Font)                  OT1/cmr/bx/n --> OT1/lmr/bx/n on input line 31.
LaTeX Font Info:    Overwriting math alphabet `\mathsf' in version `normal'
(Font)                  OT1/cmss/m/n --> OT1/lmss/m/n on input line 32.
LaTeX Font Info:    Overwriting math alphabet `\mathit' in version `normal'
(Font)                  OT1/cmr/m/it --> OT1/lmr/m/it on input line 33.
LaTeX Font Info:    Overwriting math alphabet `\mathtt' in version `normal'
(Font)                  OT1/cmtt/m/n --> OT1/lmtt/m/n on input line 34.
LaTeX Font Info:    Overwriting math alphabet `\mathbf' in version `bold'
(Font)                  OT1/cmr/bx/n --> OT1/lmr/bx/n on input line 35.
LaTeX Font Info:    Overwriting math alphabet `\mathsf' in version `bold'
(Font)                  OT1/cmss/bx/n --> OT1/lmss/bx/n on input line 36.
LaTeX Font Info:    Overwriting math alphabet `\mathit' in version `bold'
(Font)                  OT1/cmr/bx/it --> OT1/lmr/bx/it on input line 37.
LaTeX Font Info:    Overwriting math alphabet `\mathtt' in version `bold'
(Font)                  OT1/cmtt/m/n --> OT1/lmtt/m/n on input line 38.
))
Package hyperref Info: Option `colorlinks' set `true' on input line 37.
LaTeX Font Info:    Trying to load font information for T1+lmr on input line 41.
 (C:\Program Files\MiKTeX\tex/latex/lm\t1lmr.fd
File: t1lmr.fd 2015/05/01 v1.6.1 Font defs for Latin Modern
) (main.aux (Frontmatter/Page_de_garde.aux)

LaTeX Warning: Label `fig:my_label' multiply defined.


LaTeX Warning: Label `fig:my_label' multiply defined.


LaTeX Warning: Label `fig:my_label' multiply defined.


LaTeX Warning: Label `fig:my_label' multiply defined.


LaTeX Warning: Label `fig:my_label' multiply defined.


LaTeX Warning: Label `fig:my_label' multiply defined.


LaTeX Warning: Label `fig:my_label' multiply defined.


LaTeX Warning: Label `fig:my_label' multiply defined.


LaTeX Warning: Label `fig:my_label' multiply defined.


LaTeX Warning: Label `fig:my_label' multiply defined.


LaTeX Warning: Label `fig:my_label' multiply defined.


LaTeX Warning: Label `tab:my_label' multiply defined.


LaTeX Warning: Label `tab:my_label' multiply defined.


LaTeX Warning: Label `tab:my_label' multiply defined.


LaTeX Warning: Label `tab:my_label' multiply defined.


LaTeX Warning: Label `tab:my_label' multiply defined.


LaTeX Warning: Label `tab:my_label' multiply defined.

)
\openout1 = `main.aux'.

LaTeX Font Info:    Checking defaults for OML/cmm/m/it on input line 41.
LaTeX Font Info:    ... okay on input line 41.
LaTeX Font Info:    Checking defaults for OMS/cmsy/m/n on input line 41.
LaTeX Font Info:    ... okay on input line 41.
LaTeX Font Info:    Checking defaults for OT1/cmr/m/n on input line 41.
LaTeX Font Info:    ... okay on input line 41.
LaTeX Font Info:    Checking defaults for T1/cmr/m/n on input line 41.
LaTeX Font Info:    ... okay on input line 41.
LaTeX Font Info:    Checking defaults for TS1/cmr/m/n on input line 41.
LaTeX Font Info:    ... okay on input line 41.
LaTeX Font Info:    Checking defaults for OMX/cmex/m/n on input line 41.
LaTeX Font Info:    ... okay on input line 41.
LaTeX Font Info:    Checking defaults for U/cmr/m/n on input line 41.
LaTeX Font Info:    ... okay on input line 41.
LaTeX Font Info:    Checking defaults for PD1/pdf/m/n on input line 41.
LaTeX Font Info:    ... okay on input line 41.
LaTeX Font Info:    Checking defaults for PU/pdf/m/n on input line 41.
LaTeX Font Info:    ... okay on input line 41.
 (C:\Program Files\MiKTeX\tex/context/base/mkii\supp-pdf.mkii
[Loading MPS to PDF converter (version 2006.09.02).]
\scratchcounter=\count412
\scratchdimen=\dimen361
\scratchbox=\box114
\nofMPsegments=\count413
\nofMParguments=\count414
\everyMPshowfont=\toks91
\MPscratchCnt=\count415
\MPscratchDim=\dimen362
\MPnumerator=\count416
\makeMPintoPDFobject=\count417
\everyMPtoPDFconversion=\toks92
) (C:\Program Files\MiKTeX\tex/latex/epstopdf-pkg\epstopdf-base.sty
Package: epstopdf-base 2020-01-24 v2.11 Base part for package epstopdf
Package epstopdf-base Info: Redefining graphics rule for `.eps' on input line 485.
 (C:\Program Files\MiKTeX\tex/latex/00miktex\epstopdf-sys.cfg
File: epstopdf-sys.cfg 2021/03/18 v2.0 Configuration of epstopdf for MiKTeX
))
*geometry* driver: auto-detecting
*geometry* detected driver: pdftex
*geometry* verbose mode - [ preamble ] result:
* driver: pdftex
* paper: letterpaper
* layout: <same size as paper>
* layoutoffset:(h,v)=(0.0pt,0.0pt)
* modes: 
* h-part:(L,W,R)=(42.67912pt, 528.93675pt, 42.67912pt)
* v-part:(T,H,B)=(42.67912pt, 709.61174pt, 42.67912pt)
* \paperwidth=614.295pt
* \paperheight=794.96999pt
* \textwidth=528.93675pt
* \textheight=709.61174pt
* \oddsidemargin=-29.59087pt
* \evensidemargin=-29.59087pt
* \topmargin=-79.46466pt
* \headheight=30.0pt
* \headsep=19.8738pt
* \topskip=12.0pt
* \footskip=30.0pt
* \marginparwidth=38.0pt
* \marginparsep=7.0pt
* \columnsep=10.0pt
* \skip\footins=10.8pt plus 4.0pt minus 2.0pt
* \hoffset=0.0pt
* \voffset=0.0pt
* \mag=1000
* \@twocolumnfalse
* \@twosidefalse
* \@mparswitchfalse
* \@reversemarginfalse
* (1in=72.27pt=25.4mm, 1cm=28.453pt)

Package hyperref Info: Link coloring ON on input line 41.
(main.out) (main.out)
\@outlinefile=\write6
\openout6 = `main.out'.

\c@lstlisting=\count418
Package caption Info: Begin \AtBeginDocument code.
Package caption Info: longtable package is loaded.
 (C:\Program Files\MiKTeX\tex/latex/caption\ltcaption.sty
Package: ltcaption 2021/01/08 v1.4c longtable captions (AR)
)
Package caption Info: supertabular package is loaded.
Package caption Info: End \AtBeginDocument code.
 (C:\Program Files\MiKTeX\tex/latex/arabtex\apatch.sty
\a@lines=\count419
\a@Lwidth=\dimen363
\a@displaywidth=\dimen364
 (C:\Program Files\MiKTeX\tex/latex/arabtex\alocal.sty (ArabTeX) 3.11 local stub, 26.02.2006) (ArabTeX) version 3.11s (02.07.2006): second phase of patching)
\openout2 = `Frontmatter/Page_de_garde.aux'.

 (Frontmatter/Page_de_garde.tex
<Logos/Logo_INPT.png, id=334, 1203.49625pt x 592.2125pt>
File: Logos/Logo_INPT.png Graphic file (type png)
<use Logos/Logo_INPT.png>
Package pdftex.def Info: Logos/Logo_INPT.png  used on input line 3.
(pdftex.def)             Requested size: 96.28166pt x 47.37796pt.
<Logos/b3g-vector-logo.png, id=336, 903.375pt x 501.875pt>
File: Logos/b3g-vector-logo.png Graphic file (type png)
<use Logos/b3g-vector-logo.png>
Package pdftex.def Info: Logos/b3g-vector-logo.png  used on input line 5.
(pdftex.def)             Requested size: 90.34279pt x 50.19043pt.


LaTeX Font Warning: Font shape `T1/lmr/bx/sc' undefined
(Font)              using `T1/lmr/bx/n' instead on input line 9.


LaTeX Font Warning: Font shape `T1/lmr/m/scit' undefined
(Font)              using `T1/lmr/m/scsl' instead on input line 11.

LaTeX Font Info:    Trying to load font information for OT1+lmr on input line 31.
(C:\Program Files\MiKTeX\tex/latex/lm\ot1lmr.fd
File: ot1lmr.fd 2015/05/01 v1.6.1 Font defs for Latin Modern
)
LaTeX Font Info:    Trying to load font information for OML+lmm on input line 31.
 (C:\Program Files\MiKTeX\tex/latex/lm\omllmm.fd
File: omllmm.fd 2015/05/01 v1.6.1 Font defs for Latin Modern
)
LaTeX Font Info:    Trying to load font information for OMS+lmsy on input line 31.
 (C:\Program Files\MiKTeX\tex/latex/lm\omslmsy.fd
File: omslmsy.fd 2015/05/01 v1.6.1 Font defs for Latin Modern
)
LaTeX Font Info:    Trying to load font information for OMX+lmex on input line 31.
 (C:\Program Files\MiKTeX\tex/latex/lm\omxlmex.fd
File: omxlmex.fd 2015/05/01 v1.6.1 Font defs for Latin Modern
)
LaTeX Font Info:    External font `lmex10' loaded for size
(Font)              <12> on input line 31.
LaTeX Font Info:    External font `lmex10' loaded for size
(Font)              <8> on input line 31.
LaTeX Font Info:    External font `lmex10' loaded for size
(Font)              <6> on input line 31.
LaTeX Font Info:    Trying to load font information for U+msa on input line 31.
 (C:\Program Files\MiKTeX\tex/latex/amsfonts\umsa.fd
File: umsa.fd 2013/01/14 v3.01 AMS symbols A
)
LaTeX Font Info:    Trying to load font information for U+msb on input line 31.
 (C:\Program Files\MiKTeX\tex/latex/amsfonts\umsb.fd
File: umsb.fd 2013/01/14 v3.01 AMS symbols B
)
<Logos/ZLAFA.png, id=337, 548.80031pt x 210.03468pt>
File: Logos/ZLAFA.png Graphic file (type png)
<use Logos/ZLAFA.png>
Package pdftex.def Info: Logos/ZLAFA.png  used on input line 47.
(pdftex.def)             Requested size: 329.28271pt x 126.02177pt.
) [1


{C:/Users/anass/AppData/Local/MiKTeX/fonts/map/pdftex/pdftex.map}{C:/Program Files/MiKTeX/fonts/enc/dvips/lm/lm-ec.enc} <./Logos/Logo_INPT.png> <./Logos/b3g-vector-logo.png> <./Logos/ZLAFA.png>]
pdfTeX warning (ext4): destination with the same identifier (name{page.1}) has been already used, duplicate ignored
<to be read again> 
                   \relax 
l.79 \frontmatter
                  [1



] (Frontmatter/Dedication.tex
LaTeX Font Info:    Trying to load font information for T1+LobsterTwo-LF on input line 21.
LaTeX Font Info:    No file T1LobsterTwo-LF.fd. on input line 21.


LaTeX Font Warning: Font shape `T1/LobsterTwo-LF/bx/it' undefined
(Font)              using `T1/cmr/m/n' instead on input line 21.

) (Frontmatter/Acknowledgements.tex [1

]) (Frontmatter/Rsum.tex [2

])
Underfull \hbox (badness 10000) in paragraph at lines 9--89

 []

(Frontmatter/Abstract.tex [3

])
Underfull \hbox (badness 10000) in paragraph at lines 13--94

 []

(Frontmatter/Molakhas.tex [4

]
LaTeX Font Info:    Trying to load font information for U+xnsh on input line 2.
 (C:\Program Files\MiKTeX\tex/latex/arabtex\uxnsh.fd
File: uxnsh.fd  1999/10/19 v3.10 ArabTeX Naskh extd. font definitions
)
LaTeX Font Info:    Font shape `U/xnsh/m/n' will be
(Font)              scaled to size 35.82726pt on input line 2.
LaTeX Font Info:    Font shape `U/xnsh/m/n' will be
(Font)              scaled to size 17.28003pt on input line 5.
LaTeX Font Info:    Font shape `U/xnsh/bx/n' will be
(Font)              scaled to size 17.28003pt on input line 21.
)
Underfull \hbox (badness 10000) in paragraph at lines 28--99

 []

[5

] (main.lof [6

] [7])
\tf@lof=\write7
\openout7 = `main.lof'.

 [8] (main.lot)
\tf@lot=\write8
\openout8 = `main.lot'.

 [9

] (main.toc [10

] [11])
\tf@toc=\write9
\openout9 = `main.toc'.

 [12] (Chapters/Introduction.tex
LaTeX Font Info:    Trying to load font information for TS1+lmr on input line 16.
 (C:\Program Files\MiKTeX\tex/latex/lm\ts1lmr.fd
File: ts1lmr.fd 2015/05/01 v1.6.1 Font defs for Latin Modern
)
Overfull \hbox (8.0251pt too wide) in paragraph at lines 18--19
[]\T1/LobsterTwo-LF/bx/it/12 Ce cha-pitre contex-tua-lise le pro-jet, pr-sen-tant les ob-jec-tifs du stage, l'entreprise B3G, et l'application
 []


pdfTeX warning (ext4): destination with the same identifier (name{page.1}) has been already used, duplicate ignored
<to be read again> 
                   \relax 
l.23 
      [1


{C:/Program Files/MiKTeX/fonts/enc/dvips/lm/lm-ts1.enc}]) (Chapters/Chapter1.tex [2]
Chapter 1.
[3

]
<Logos/B3G.png, id=678, 602.25pt x 137.51375pt>
File: Logos/B3G.png Graphic file (type png)
<use Logos/B3G.png>
Package pdftex.def Info: Logos/B3G.png  used on input line 26.
(pdftex.def)             Requested size: 284.52756pt x 64.96928pt.
 [4 <./Logos/B3G.png>]
<Logos/fawri.png, id=685, 180.675pt x 180.675pt>
File: Logos/fawri.png Graphic file (type png)
<use Logos/fawri.png>
Package pdftex.def Info: Logos/fawri.png  used on input line 149.
(pdftex.def)             Requested size: 99.58464pt x 99.58382pt.
<Figures/clients.png, id=686, 965.6075pt x 685.56125pt>
File: Figures/clients.png Graphic file (type png)
<use Figures/clients.png>
Package pdftex.def Info: Figures/clients.png  used on input line 161.
(pdftex.def)             Requested size: 341.43306pt x 242.40831pt.
 [5 <./Logos/fawri.png>] [6 <./Figures/clients.png>] [7] [8]
<Figures/outsystems.png, id=706, 1096.095pt x 660.96938pt>
File: Figures/outsystems.png Graphic file (type png)
<use Figures/outsystems.png>
Package pdftex.def Info: Figures/outsystems.png  used on input line 246.
(pdftex.def)             Requested size: 426.79134pt x 257.36351pt.
 [9 <./Figures/outsystems.png>]
<Figures/mendix.jpg, id=712, 1027.84pt x 671.50874pt>
File: Figures/mendix.jpg Graphic file (type jpg)
<use Figures/mendix.jpg>
Package pdftex.def Info: Figures/mendix.jpg  used on input line 259.
(pdftex.def)             Requested size: 426.79134pt x 278.83488pt.
 [10 <./Figures/mendix.jpg>]
<Figures/pega.jpg, id=717, 1027.84pt x 578.16pt>
File: Figures/pega.jpg Graphic file (type jpg)
<use Figures/pega.jpg>
Package pdftex.def Info: Figures/pega.jpg  used on input line 271.
(pdftex.def)             Requested size: 426.79134pt x 240.07307pt.
<Figures/appian.jpg, id=718, 1204.5pt x 630.355pt>
File: Figures/appian.jpg Graphic file (type jpg)
<use Figures/appian.jpg>
Package pdftex.def Info: Figures/appian.jpg  used on input line 281.
(pdftex.def)             Requested size: 426.79134pt x 223.35918pt.
 [11 <./Figures/pega.jpg>] [12 <./Figures/appian.jpg>] [13]
<Figures/WordPress.png, id=732, 2007.5pt x 1084.05pt>
File: Figures/WordPress.png Graphic file (type png)
<use Figures/WordPress.png>
Package pdftex.def Info: Figures/WordPress.png  used on input line 342.
(pdftex.def)             Requested size: 170.71652pt x 92.18437pt.
<Figures/Drupal.png, id=733, 164.615pt x 125.80333pt>
File: Figures/Drupal.png Graphic file (type png)
<use Figures/Drupal.png>
Package pdftex.def Info: Figures/Drupal.png  used on input line 354.
(pdftex.def)             Requested size: 142.26378pt x 108.7243pt.

Underfull \hbox (badness 10000) in paragraph at lines 349--357

 []


Underfull \hbox (badness 10000) in paragraph at lines 349--357

 []

[14 <./Figures/WordPress.png>]
<Figures/Joomla.png, id=739, 332.24126pt x 276.03125pt>
File: Figures/Joomla.png Graphic file (type png)
<use Figures/Joomla.png>
Package pdftex.def Info: Figures/Joomla.png  used on input line 364.
(pdftex.def)             Requested size: 199.16928pt x 165.4726pt.
<Figures/Sitecore.png, id=740, 301.125pt x 213.79875pt>
File: Figures/Sitecore.png Graphic file (type png)
<use Figures/Sitecore.png>
Package pdftex.def Info: Figures/Sitecore.png  used on input line 374.
(pdftex.def)             Requested size: 142.26378pt x 101.01065pt.
 [15 <./Figures/Drupal.png> <./Figures/Joomla.png>] [16 <./Figures/Sitecore.png>]
<Figures/processmanagement.png, id=752, 950.55125pt x 476.27937pt>
File: Figures/processmanagement.png Graphic file (type png)
<use Figures/processmanagement.png>
Package pdftex.def Info: Figures/processmanagement.png  used on input line 463.
(pdftex.def)             Requested size: 426.79134pt x 213.84407pt.
 [17] [18 <./Figures/processmanagement.png>] [19]
<Figures/scrum.png, id=767, 863.225pt x 880.28876pt>
File: Figures/scrum.png Graphic file (type png)
<use Figures/scrum.png>
Package pdftex.def Info: Figures/scrum.png  used on input line 543.
(pdftex.def)             Requested size: 113.81102pt x 116.0534pt.
 [20]
Underfull \hbox (badness 10000) in paragraph at lines 559--560

 []

<Figures/Microsoft_Teams.png, id=772, 3854.4pt x 2168.1pt>
File: Figures/Microsoft_Teams.png Graphic file (type png)
<use Figures/Microsoft_Teams.png>
Package pdftex.def Info: Figures/Microsoft_Teams.png  used on input line 563.
(pdftex.def)             Requested size: 170.71652pt x 96.0054pt.
<Figures/outlook.png, id=773, 3854.4pt x 2168.1pt>
File: Figures/outlook.png Graphic file (type png)
<use Figures/outlook.png>
Package pdftex.def Info: Figures/outlook.png  used on input line 574.
(pdftex.def)             Requested size: 170.71652pt x 96.0054pt.

Underfull \hbox (badness 10000) in paragraph at lines 569--577

 []


Underfull \hbox (badness 10000) in paragraph at lines 569--577

 []

[21 <./Figures/scrum.png> <./Figures/Microsoft_Teams.png>]
<Figures/azur.png, id=780, 803.0pt x 501.875pt>
File: Figures/azur.png Graphic file (type png)
<use Figures/azur.png>
Package pdftex.def Info: Figures/azur.png  used on input line 590.
(pdftex.def)             Requested size: 227.62204pt x 142.26239pt.

Underfull \hbox (badness 10000) in paragraph at lines 585--593

 []


Underfull \hbox (badness 10000) in paragraph at lines 585--593

 []

[22 <./Figures/outlook.png> <./Figures/azur.png (PNG copy)>]
<Figures/sprints.PNG, id=786, 549.05125pt x 225.34187pt>
File: Figures/sprints.PNG Graphic file (type png)
<use Figures/sprints.PNG>
Package pdftex.def Info: Figures/sprints.PNG  used on input line 602.
(pdftex.def)             Requested size: 512.1496pt x 210.21562pt.
 [23 <./Figures/sprints.PNG>]) (Chapters/Chapter2.tex [24]
Chapter 2.
[25

]
Underfull \hbox (badness 10000) in paragraph at lines 28--28
[]|\T1/lmr/m/n/12 Consultation des
 []


Underfull \hbox (badness 10000) in paragraph at lines 28--28
\T1/lmr/m/n/12 pro-jets/ap-pli-ca-tions
 []

[26] [27] [28]
<Figures/use case globale.png, id=819, 446.6286pt x 377.2494pt>
File: Figures/use case globale.png Graphic file (type png)
<use Figures/use case globale.png>
Package pdftex.def Info: Figures/use case globale.png  used on input line 128.
(pdftex.def)             Requested size: 483.69684pt x 408.55728pt.
 [29 <./Figures/use case globale.png>]
<Figures/use case gestion des projets.png, id=826, 483.2454pt x 459.6372pt>
File: Figures/use case gestion des projets.png Graphic file (type png)
<use Figures/use case gestion des projets.png>
Package pdftex.def Info: Figures/use case gestion des projets.png  used on input line 146.
(pdftex.def)             Requested size: 483.69684pt x 460.08493pt.
 [30 <./Figures/use case gestion des projets.png>]
<Figures/gestion de contenu.png, id=832, 454.8192pt x 245.718pt>
File: Figures/gestion de contenu.png Graphic file (type png)
<use Figures/gestion de contenu.png>
Package pdftex.def Info: Figures/gestion de contenu.png  used on input line 160.
(pdftex.def)             Requested size: 483.69684pt x 261.32217pt.
<Figures/Gestion des tenants ditions et permissions .png, id=833, 468.3096pt x 403.2666pt>
File: Figures/Gestion des tenants ditions et permissions .png Graphic file (type png)
<use Figures/Gestion des tenants ditions et permissions .png>
Package pdftex.def Info: Figures/Gestion des tenants ditions et permissions .png  used on input line 176.
(pdftex.def)             Requested size: 483.69684pt x 416.53836pt.
 [31 <./Figures/gestion de contenu.png>]
<Figures/diag de classe.png, id=839, 1324.7091pt x 1039.0017pt>
File: Figures/diag de classe.png Graphic file (type png)
<use Figures/diag de classe.png>
Package pdftex.def Info: Figures/diag de classe.png  used on input line 197.
(pdftex.def)             Requested size: 483.69684pt x 379.36722pt.
 [32 <./Figures/Gestion des tenants ditions et permissions .png>] [33 <./Figures/diag de classe.png>]
Underfull \hbox (badness 10000) in paragraph at lines 238--241

 []

<Figures/Diagramme_sequence _Recuperation_list_proc.png, id=850, 305.4612pt x 239.4546pt>
File: Figures/Diagramme_sequence _Recuperation_list_proc.png Graphic file (type png)
<use Figures/Diagramme_sequence _Recuperation_list_proc.png>
Package pdftex.def Info: Figures/Diagramme_sequence _Recuperation_list_proc.png  used on input line 244.
(pdftex.def)             Requested size: 312.9803pt x 245.36581pt.

Underfull \hbox (badness 10000) in paragraph at lines 251--257

 []


Underfull \hbox (badness 10000) in paragraph at lines 251--257

 []


Underfull \hbox (badness 10000) in paragraph at lines 251--257

 []

[34 <./Figures/Diagramme_sequence _Recuperation_list_proc.png>]
Underfull \hbox (badness 10000) in paragraph at lines 262--268

 []


Underfull \hbox (badness 10000) in paragraph at lines 262--268

 []


Underfull \hbox (badness 10000) in paragraph at lines 262--268

 []


Underfull \hbox (badness 10000) in paragraph at lines 273--279

 []


Underfull \hbox (badness 10000) in paragraph at lines 273--279

 []


Underfull \hbox (badness 10000) in paragraph at lines 273--279

 []


Underfull \hbox (badness 10000) in paragraph at lines 282--288

 []


Underfull \hbox (badness 10000) in paragraph at lines 282--288

 []


Underfull \hbox (badness 10000) in paragraph at lines 282--288

 []


Underfull \hbox (badness 10000) in paragraph at lines 293--299

 []


Underfull \hbox (badness 10000) in paragraph at lines 293--299

 []


Underfull \hbox (badness 10000) in paragraph at lines 293--299

 []

[35]
Overfull \hbox (7.35442pt too wide) in paragraph at lines 311--312
 \T1/LobsterTwo-LF/bx/it/12 Le logo doit tre uti-lis dans toutes les com-mu-ni-ca-tions of-fi-cielles et sur toutes les pages de l'application.
 []

<Figures/fawri_cms_logo.PNG, id=861, 417.56pt x 163.61125pt>
File: Figures/fawri_cms_logo.PNG Graphic file (type png)
<use Figures/fawri_cms_logo.PNG>
Package pdftex.def Info: Figures/fawri_cms_logo.PNG  used on input line 319.
(pdftex.def)             Requested size: 170.71652pt x 66.8913pt.

Underfull \hbox (badness 10000) in paragraph at lines 315--322

 []

<Figures/palette.PNG, id=862, 587.69562pt x 220.32312pt>
File: Figures/palette.PNG Graphic file (type png)
<use Figures/palette.PNG>
Package pdftex.def Info: Figures/palette.PNG  used on input line 330.
(pdftex.def)             Requested size: 341.43306pt x 127.99928pt.

Underfull \hbox (badness 10000) in paragraph at lines 326--333

 []

[36 <./Figures/fawri_cms_logo.PNG>] [37 <./Figures/palette.PNG>]
<Figures/icons.PNG, id=873, 1927.2pt x 963.6pt>
File: Figures/icons.PNG Graphic file (type png)
<use Figures/icons.PNG>
Package pdftex.def Info: Figures/icons.PNG  used on input line 409.
(pdftex.def)             Requested size: 426.79134pt x 213.38947pt.

Underfull \hbox (badness 10000) in paragraph at lines 405--412

 []

[38 <./Figures/icons.PNG>]
<Figures/figma.PNG, id=878, 594.22pt x 248.93pt>
File: Figures/figma.PNG Graphic file (type png)
<use Figures/figma.PNG>
Package pdftex.def Info: Figures/figma.PNG  used on input line 434.
(pdftex.def)             Requested size: 483.69684pt x 202.63875pt.

Underfull \hbox (badness 10000) in paragraph at lines 430--437

 []

[39 <./Figures/figma.PNG>]) (Chapters/Chapter3.tex [40]
Chapter 3.
[41

]
<Figures/csharp.png, id=893, 1826.825pt x 2055.68pt>
File: Figures/csharp.png Graphic file (type png)
<use Figures/csharp.png>
Package pdftex.def Info: Figures/csharp.png  used on input line 22.
(pdftex.def)             Requested size: 113.81102pt x 128.04054pt.

Underfull \hbox (badness 10000) in paragraph at lines 18--25

 []

<Figures/sql.png, id=894, 903.375pt x 421.575pt>
File: Figures/sql.png Graphic file (type png)
<use Figures/sql.png>
Package pdftex.def Info: Figures/sql.png  used on input line 32.
(pdftex.def)             Requested size: 170.71652pt x 79.66264pt.

Underfull \hbox (badness 10000) in paragraph at lines 28--35

 []

<Figures/javascript.png, id=895, 1055.945pt x 1055.945pt>
File: Figures/javascript.png Graphic file (type png)
<use Figures/javascript.png>
Package pdftex.def Info: Figures/javascript.png  used on input line 43.
(pdftex.def)             Requested size: 142.26378pt x 142.2564pt.

Underfull \hbox (badness 10000) in paragraph at lines 39--46

 []

[42 <./Figures/csharp.png> <./Figures/sql.png>]
<Figures/angular.png, id=902, 1204.5pt x 1204.5pt>
File: Figures/angular.png Graphic file (type png)
<use Figures/angular.png>
Package pdftex.def Info: Figures/angular.png  used on input line 61.
(pdftex.def)             Requested size: 170.71652pt x 170.70569pt.

Underfull \hbox (badness 10000) in paragraph at lines 57--64

 []

[43 <./Figures/javascript.png>]
<Figures/nodejs.png, id=908, 2569.6pt x 1571.8725pt>
File: Figures/nodejs.png Graphic file (type png)
<use Figures/nodejs.png>
Package pdftex.def Info: Figures/nodejs.png  used on input line 72.
(pdftex.def)             Requested size: 170.71652pt x 104.42987pt.

Underfull \hbox (badness 10000) in paragraph at lines 68--75

 []

[44 <./Figures/angular.png> <./Figures/nodejs.png>]
<Figures/abp.png, id=915, 533.995pt x 95.35625pt>
File: Figures/abp.png Graphic file (type png)
<use Figures/abp.png>
Package pdftex.def Info: Figures/abp.png  used on input line 94.
(pdftex.def)             Requested size: 227.62204pt x 40.64735pt.

Underfull \hbox (badness 10000) in paragraph at lines 90--97

 []

<Figures/dotnet.png, id=916, 3854.4pt x 2168.1pt>
File: Figures/dotnet.png Graphic file (type png)
<use Figures/dotnet.png>
Package pdftex.def Info: Figures/dotnet.png  used on input line 108.
(pdftex.def)             Requested size: 227.62204pt x 128.02927pt.

Underfull \hbox (badness 10000) in paragraph at lines 104--111

 []

[45 <./Figures/abp.png>]
<Figures/efcore.png, id=922, 593.21625pt x 361.35pt>
File: Figures/efcore.png Graphic file (type png)
<use Figures/efcore.png>
Package pdftex.def Info: Figures/efcore.png  used on input line 120.
(pdftex.def)             Requested size: 170.71652pt x 103.98932pt.

Underfull \hbox (badness 10000) in paragraph at lines 116--123

 []

[46 <./Figures/dotnet.png> <./Figures/efcore.png (PNG copy)>]
<Figures/dormiologo.png, id=928, 325.4559pt x 115.8729pt>
File: Figures/dormiologo.png Graphic file (type png)
<use Figures/dormiologo.png>
Package pdftex.def Info: Figures/dormiologo.png  used on input line 144.
(pdftex.def)             Requested size: 170.71652pt x 60.77936pt.

Underfull \hbox (badness 10000) in paragraph at lines 140--147

 []

<Figures/sqlserver.png, id=929, 1005.49565pt x 813.0375pt>
File: Figures/sqlserver.png Graphic file (type png)
<use Figures/sqlserver.png>
Package pdftex.def Info: Figures/sqlserver.png  used on input line 159.
(pdftex.def)             Requested size: 113.81102pt x 92.01483pt.

Underfull \hbox (badness 10000) in paragraph at lines 155--162

 []

<Figures/sqlmanagementstudio.png, id=930, 403.5075pt x 380.42125pt>
File: Figures/sqlmanagementstudio.png Graphic file (type png)
<use Figures/sqlmanagementstudio.png>
Package pdftex.def Info: Figures/sqlmanagementstudio.png  used on input line 170.
(pdftex.def)             Requested size: 170.71652pt x 160.94838pt.

Underfull \hbox (badness 10000) in paragraph at lines 166--173

 []

[47 <./Figures/dormiologo.png> <./Figures/sqlserver.png>]
<Figures/Visual-Studio-logo.png, id=938, 3854.4pt x 2168.1pt>
File: Figures/Visual-Studio-logo.png Graphic file (type png)
<use Figures/Visual-Studio-logo.png>
Package pdftex.def Info: Figures/Visual-Studio-logo.png  used on input line 180.
(pdftex.def)             Requested size: 113.81102pt x 64.01463pt.

Underfull \hbox (badness 10000) in paragraph at lines 176--183

 []

<Figures/vsclogo.png, id=939, 301.125pt x 298.11375pt>
File: Figures/vsclogo.png Graphic file (type png)
<use Figures/vsclogo.png>
Package pdftex.def Info: Figures/vsclogo.png  used on input line 192.
(pdftex.def)             Requested size: 56.9055pt x 56.33287pt.

Underfull \hbox (badness 10000) in paragraph at lines 188--195

 []

[48 <./Figures/sqlmanagementstudio.png> <./Figures/Visual-Studio-logo.png>]
<Figures/gitlogo.jpg, id=946, 869.2475pt x 652.4375pt>
File: Figures/gitlogo.jpg Graphic file (type jpg)
<use Figures/gitlogo.jpg>
Package pdftex.def Info: Figures/gitlogo.jpg  used on input line 204.
(pdftex.def)             Requested size: 227.62204pt x 170.8443pt.

Underfull \hbox (badness 10000) in paragraph at lines 200--207

 []

<Figures/xunitlogo.png, id=947, 830.10126pt x 280.04625pt>
File: Figures/xunitlogo.png Graphic file (type png)
<use Figures/xunitlogo.png>
Package pdftex.def Info: Figures/xunitlogo.png  used on input line 218.
(pdftex.def)             Requested size: 170.71652pt x 57.59358pt.

Underfull \hbox (badness 10000) in paragraph at lines 214--221

 []

[49 <./Figures/vsclogo.png> <./Figures/gitlogo.jpg>]
<Figures/swaggerlogo.png, id=953, 1405.25pt x 393.47pt>
File: Figures/swaggerlogo.png Graphic file (type png)
<use Figures/swaggerlogo.png>
Package pdftex.def Info: Figures/swaggerlogo.png  used on input line 228.
(pdftex.def)             Requested size: 170.71652pt x 47.79672pt.

Underfull \hbox (badness 10000) in paragraph at lines 224--231

 []

<Figures/UML_logo.svg.png, id=954, 1284.8pt x 934.49126pt>
File: Figures/UML_logo.svg.png Graphic file (type png)
<use Figures/UML_logo.svg.png>
Package pdftex.def Info: Figures/UML_logo.svg.png  used on input line 242.
(pdftex.def)             Requested size: 170.71652pt x 124.16885pt.

Underfull \hbox (badness 10000) in paragraph at lines 238--245

 []

<Figures/figma logo.png, id=955, 1673.25125pt x 2509.375pt>
File: Figures/figma logo.png Graphic file (type png)
<use Figures/figma logo.png>
Package pdftex.def Info: Figures/figma logo.png  used on input line 251.
(pdftex.def)             Requested size: 85.35826pt x 128.00323pt.

Underfull \hbox (badness 10000) in paragraph at lines 247--254

 []

[50 <./Figures/xunitlogo.png (PNG copy)> <./Figures/swaggerlogo.png (PNG copy)> <./Figures/UML_logo.svg.png>]
<Figures/TDD.png, id=961, 385.44pt x 351.3125pt>
File: Figures/TDD.png Graphic file (type png)
<use Figures/TDD.png>
Package pdftex.def Info: Figures/TDD.png  used on input line 270.
(pdftex.def)             Requested size: 170.71652pt x 155.59648pt.
 [51 <./Figures/figma logo.png> <./Figures/TDD.png>] [52] [53]
<Figures/dddl.png, id=980, 1336.995pt x 850.17625pt>
File: Figures/dddl.png Graphic file (type png)
<use Figures/dddl.png>
Package pdftex.def Info: Figures/dddl.png  used on input line 328.
(pdftex.def)             Requested size: 256.0748pt x 162.83243pt.
 [54 <./Figures/dddl.png (PNG copy)>]
<Figures/tbd.png, id=985, 542.025pt x 272.217pt>
File: Figures/tbd.png Graphic file (type png)
<use Figures/tbd.png>
Package pdftex.def Info: Figures/tbd.png  used on input line 384.
(pdftex.def)             Requested size: 426.79134pt x 214.35123pt.
 [55 <./Figures/tbd.png>]
<Figures/multytenancy.png, id=991, 1357.07pt x 1055.945pt>
File: Figures/multytenancy.png Graphic file (type png)
<use Figures/multytenancy.png>
Package pdftex.def Info: Figures/multytenancy.png  used on input line 439.
(pdftex.def)             Requested size: 256.0748pt x 199.24597pt.
 [56]
<Figures/DDD flow.png, id=996, 1606.0pt x 729.72626pt>
File: Figures/DDD flow.png Graphic file (type png)
<use Figures/DDD flow.png>
Package pdftex.def Info: Figures/DDD flow.png  used on input line 453.
(pdftex.def)             Requested size: 483.69684pt x 219.77693pt.
 [57 <./Figures/multytenancy.png (PNG copy)> <./Figures/DDD flow.png (PNG copy)>] [58]
<Figures/src test.PNG, id=1018, 293.59688pt x 296.60812pt>
File: Figures/src test.PNG Graphic file (type png)
<use Figures/src test.PNG>
Package pdftex.def Info: Figures/src test.PNG  used on input line 499.
(pdftex.def)             Requested size: 256.0748pt x 258.70323pt.

Underfull \hbox (badness 10000) in paragraph at lines 510--511

 []

<Figures/presentation layer.PNG, id=1019, 278.03876pt x 62.2325pt>
File: Figures/presentation layer.PNG Graphic file (type png)
<use Figures/presentation layer.PNG>
Package pdftex.def Info: Figures/presentation layer.PNG  used on input line 514.
(pdftex.def)             Requested size: 256.0748pt x 57.31726pt.
[59 <./Figures/src test.PNG> <./Figures/presentation layer.PNG>]
<Figures/application layer.PNG, id=1027, 282.55562pt x 34.1275pt>
File: Figures/application layer.PNG Graphic file (type png)
<use Figures/application layer.PNG>
Package pdftex.def Info: Figures/application layer.PNG  used on input line 527.
(pdftex.def)             Requested size: 256.0748pt x 30.9316pt.
<Figures/infra layer.PNG, id=1028, 506.89375pt x 75.78313pt>
File: Figures/infra layer.PNG Graphic file (type png)
<use Figures/infra layer.PNG>
Package pdftex.def Info: Figures/infra layer.PNG  used on input line 541.
(pdftex.def)             Requested size: 256.0748pt x 38.28462pt.
<Figures/domain layer.PNG, id=1029, 294.60063pt x 33.62563pt>
File: Figures/domain layer.PNG Graphic file (type png)
<use Figures/domain layer.PNG>
Package pdftex.def Info: Figures/domain layer.PNG  used on input line 557.
(pdftex.def)             Requested size: 256.0748pt x 29.22838pt.
<Figures/test folder.PNG, id=1030, 293.59688pt x 111.41624pt>
File: Figures/test folder.PNG Graphic file (type png)
<use Figures/test folder.PNG>
Package pdftex.def Info: Figures/test folder.PNG  used on input line 569.
(pdftex.def)             Requested size: 256.0748pt x 97.17786pt.
 [60 <./Figures/application layer.PNG> <./Figures/infra layer.PNG> <./Figures/domain layer.PNG>] [61 <./Figures/test folder.PNG>]) [62] (Chapters/Chapter4.tex
Chapter 4.
[63

]
<Figures/abp cli.PNG, id=1051, 949.04562pt x 451.6875pt>
File: Figures/abp cli.PNG Graphic file (type png)
<use Figures/abp cli.PNG>
Package pdftex.def Info: Figures/abp cli.PNG  used on input line 21.
(pdftex.def)             Requested size: 483.69684pt x 230.21283pt.
<Figures/domain folder.PNG, id=1052, 278.03876pt x 274.02374pt>
File: Figures/domain folder.PNG Graphic file (type png)
<use Figures/domain folder.PNG>
Package pdftex.def Info: Figures/domain folder.PNG  used on input line 33.
(pdftex.def)             Requested size: 256.0748pt x 252.38086pt.
 [64 <./Figures/abp cli.PNG>]
<Figures/entity fram core folder.PNG, id=1058, 271.51437pt x 181.17688pt>
File: Figures/entity fram core folder.PNG Graphic file (type png)
<use Figures/entity fram core folder.PNG>
Package pdftex.def Info: Figures/entity fram core folder.PNG  used on input line 47.
(pdftex.def)             Requested size: 256.0748pt x 170.8813pt.
<Figures/db set code.PNG, id=1059, 553.06625pt x 318.69063pt>
File: Figures/db set code.PNG Graphic file (type png)
<use Figures/db set code.PNG>
Package pdftex.def Info: Figures/db set code.PNG  used on input line 55.
(pdftex.def)             Requested size: 483.69684pt x 278.71744pt.
 [65 <./Figures/domain folder.PNG> <./Figures/entity fram core folder.PNG>]
<Figures/dtos.PNG, id=1067, 252.44313pt x 315.1775pt>
File: Figures/dtos.PNG Graphic file (type png)
<use Figures/dtos.PNG>
Package pdftex.def Info: Figures/dtos.PNG  used on input line 65.
(pdftex.def)             Requested size: 256.0748pt x 319.71661pt.
 [66 <./Figures/db set code.PNG>]
<Figures/services impl.PNG, id=1073, 247.92625pt x 228.35312pt>
File: Figures/services impl.PNG Graphic file (type png)
<use Figures/services impl.PNG>
Package pdftex.def Info: Figures/services impl.PNG  used on input line 74.
(pdftex.def)             Requested size: 256.0748pt x 235.87534pt.
 [67 <./Figures/dtos.PNG>] [68 <./Figures/services impl.PNG>] [69] [70]
<Figures/swagger apis.PNG, id=1092, 963.6pt x 518.43687pt>
File: Figures/swagger apis.PNG Graphic file (type png)
<use Figures/swagger apis.PNG>
Package pdftex.def Info: Figures/swagger apis.PNG  used on input line 318.
(pdftex.def)             Requested size: 512.1496pt x 275.55338pt.

Overfull \hbox (5.262pt too wide) in paragraph at lines 326--327
 \T1/LobsterTwo-LF/bx/it/12 Dans notre pro-jet, la couche de pr-sen-ta-tion (Pre-sen-ta-tion Layer) joue un rle cru-cial dans l'interaction
 []

[71 <./Figures/swagger apis.PNG>]
<Figures/web folder.PNG, id=1099, 263.48438pt x 313.67188pt>
File: Figures/web folder.PNG Graphic file (type png)
<use Figures/web folder.PNG>
Package pdftex.def Info: Figures/web folder.PNG  used on input line 332.
(pdftex.def)             Requested size: 256.0748pt x 304.86441pt.

Overfull \hbox (0.40872pt too wide) in paragraph at lines 341--342
[]\T1/LobsterTwo-LF/bx/it/12 Components : Contient les com-po-sants ruti-li-sables uti-li-ss dans dif-f-rentes par-ties de l'application. 
 []

[72 <./Figures/web folder.PNG>]
<Figures/login ui.PNG, id=1105, 314.67563pt x 368.87813pt>
File: Figures/login ui.PNG Graphic file (type png)
<use Figures/login ui.PNG>
Package pdftex.def Info: Figures/login ui.PNG  used on input line 381.
(pdftex.def)             Requested size: 256.0748pt x 300.1968pt.
 [73]
<Figures/tenant code.PNG, id=1110, 467.24562pt x 277.53688pt>
File: Figures/tenant code.PNG Graphic file (type png)
<use Figures/tenant code.PNG>
Package pdftex.def Info: Figures/tenant code.PNG  used on input line 395.
(pdftex.def)             Requested size: 369.88582pt x 219.71756pt.
 [74 <./Figures/login ui.PNG>]
<Figures/full loging page.PNG, id=1116, 711.15688pt x 374.90062pt>
File: Figures/full loging page.PNG Graphic file (type png)
<use Figures/full loging page.PNG>
Package pdftex.def Info: Figures/full loging page.PNG  used on input line 414.
(pdftex.def)             Requested size: 512.1496pt x 269.99689pt.
 [75 <./Figures/tenant code.PNG>]
<Figures/fonctionnalite super admin.PNG, id=1122, 568.62437pt x 162.10562pt>
File: Figures/fonctionnalite super admin.PNG Graphic file (type png)
<use Figures/fonctionnalite super admin.PNG>
Package pdftex.def Info: Figures/fonctionnalite super admin.PNG  used on input line 427.
(pdftex.def)             Requested size: 312.9803pt x 89.23009pt.
 [76 <./Figures/full loging page.PNG> <./Figures/fonctionnalite super admin.PNG>]
<Figures/new edition.PNG, id=1130, 947.54pt x 476.27937pt>
File: Figures/new edition.PNG Graphic file (type png)
<use Figures/new edition.PNG>
Package pdftex.def Info: Figures/new edition.PNG  used on input line 439.
(pdftex.def)             Requested size: 483.69684pt x 243.12454pt.
<Figures/tenant screenshot.PNG, id=1131, 952.55875pt x 484.81125pt>
File: Figures/tenant screenshot.PNG Graphic file (type png)
<use Figures/tenant screenshot.PNG>
Package pdftex.def Info: Figures/tenant screenshot.PNG  used on input line 447.
(pdftex.def)             Requested size: 483.69684pt x 246.1852pt.

Overfull \hbox (0.59218pt too wide) in paragraph at lines 451--452
[]\T1/LobsterTwo-LF/bx/it/12 Dans notre so-lu-tion Fawri-CMS, le Su-per Ad-min a la pos-si-bi-lit de confi-gu-rer la chane de connexion
 []

[77 <./Figures/new edition.PNG> <./Figures/tenant screenshot.PNG>]
<Figures/new project.PNG, id=1140, 668.99937pt x 457.71pt>
File: Figures/new project.PNG Graphic file (type png)
<use Figures/new project.PNG>
Package pdftex.def Info: Figures/new project.PNG  used on input line 484.
(pdftex.def)             Requested size: 284.52756pt x 194.66734pt.
<Figures/list projects.PNG, id=1141, 682.55pt x 275.0275pt>
File: Figures/list projects.PNG Graphic file (type png)
<use Figures/list projects.PNG>
Package pdftex.def Info: Figures/list projects.PNG  used on input line 490.
(pdftex.def)             Requested size: 483.69684pt x 194.90578pt.
 [78 <./Figures/new project.PNG>]
<Figures/list pages.PNG, id=1149, 897.85437pt x 484.81125pt>
File: Figures/list pages.PNG Graphic file (type png)
<use Figures/list pages.PNG>
Package pdftex.def Info: Figures/list pages.PNG  used on input line 500.
(pdftex.def)             Requested size: 483.69684pt x 261.18016pt.
<Figures/manage page.PNG, id=1150, 905.88437pt x 456.70625pt>
File: Figures/manage page.PNG Graphic file (type png)
<use Figures/manage page.PNG>
Package pdftex.def Info: Figures/manage page.PNG  used on input line 507.
(pdftex.def)             Requested size: 483.69684pt x 243.85806pt.
 [79 <./Figures/list projects.PNG> <./Figures/list pages.PNG>]
<Figures/process 1.PNG, id=1158, 314.67563pt x 345.79187pt>
File: Figures/process 1.PNG Graphic file (type png)
<use Figures/process 1.PNG>
Package pdftex.def Info: Figures/process 1.PNG  used on input line 518.
(pdftex.def)             Requested size: 256.0748pt x 281.40897pt.
<Figures/process 2.PNG, id=1159, 765.86125pt x 461.725pt>
File: Figures/process 2.PNG Graphic file (type png)
<use Figures/process 2.PNG>
Package pdftex.def Info: Figures/process 2.PNG  used on input line 523.
(pdftex.def)             Requested size: 483.69684pt x 291.61395pt.
 [80 <./Figures/manage page.PNG>] [81 <./Figures/process 1.PNG> <./Figures/process 2.PNG>]
<Figures/menu item.PNG, id=1171, 488.32437pt x 315.67938pt>
File: Figures/menu item.PNG Graphic file (type png)
<use Figures/menu item.PNG>
Package pdftex.def Info: Figures/menu item.PNG  used on input line 537.
(pdftex.def)             Requested size: 341.43306pt x 220.72357pt.
<Figures/permission.PNG, id=1172, 914.91812pt x 418.56375pt>
File: Figures/permission.PNG Graphic file (type png)
<use Figures/permission.PNG>
Package pdftex.def Info: Figures/permission.PNG  used on input line 553.
(pdftex.def)             Requested size: 483.69684pt x 221.28207pt.
 [82 <./Figures/menu item.PNG>] [83 <./Figures/permission.PNG>]) [84] (Chapters/Conclusion.tex [85

]) (Endmatter/Glossary.tex [86]
Appendix A.

Underfull \hbox (badness 10000) in paragraph at lines 5--6

 []

) [87

] (Endmatter/Acronyms.tex
Appendix B.
[88

]) [89

] (main.aux (Frontmatter/Page_de_garde.aux))
 ***********
LaTeX2e <2023-11-01> patch level 1
L3 programming layer <2024-01-04>
 ***********


 *File List*
    book.cls    2023/05/17 v1.4n Standard LaTeX document class
    bk12.clo    2023/05/17 v1.4n Standard LaTeX file (size option)
Packages.tex
 fontenc.sty    2021/04/29 v2.0v Standard LaTeX package
inputenc.sty    2021/02/14 v1.3d Input encoding file
 arabtex.sty    2003/08/22  3.11 ArabTeX main module
 arabaux.sty    2003/05/21  3.11 auxiliary macros for ArabTeX
    acmd.sty    2003/08/20  3.11 Arabic command processing 
  afonts.sty    1995/11/16  3.04 define Naskh font 
 afonts2.sty    1998/10/19  3.10 define Naskh fonts for LaTeX2e
   ascan.sty    2003/08/22  3.11 standard ZDMG input encoding 
  aparse.sty    2003/05/26  3.11 get syllables 
  awrite.sty    2003/06/05  3.11 build output word 
xarbsymb.sty    1998/07/15  3.07 symbolic output encoding 
arabskel.sty    2000/06/04  3.10 character skeleton definitions 
xarbskel.sty    1999/07/17  3.09 character skeleton definitions 
  aboxes.sty    2003/05/28  3.11 build output boxes
arabtoks.sty    1999/07/17  3.09 ArabTeX CS token definitions 
arabchrs.sty    1998/07/11  3.07 letter token definitions 
   aligs.sty    2003/05/26  3.11 compute ligatures
 aoutput.sty    2000/06/04  3.10 build output lines
  abidir.sty    2003/08/22  3.11 bidirectional linebreaking
  atrans.sty    2003/06/14  3.11 generate the transliteration 
  alatex.sty    2003/05/04  3.11 ArabTeX extensions for LaTeX 
   afoot.sty    2003/05/12  3.11 ArabTeX footnotes
   abjad.sty    2003/04/26  3.11 abjad numerals 
  apatch.sty    2006/07/02  3.11s last minute patches 
  alists.sty    2003/04/26  3.11 inverted list macros
   asect.sty    2003/04/26  3.11 section macros for Arabic
   atabg.sty    1997/01/21  3.05 LaTeX tabbing macros for Arabic
    utf8.sty    2000/06/13  3.10 UTF-8 input encoding 
 utfcode.sty    2002/03/07  3.10a Arabic+Hebrew segment of UTF-8
   babel.sty    2024/01/07 v24.1 The Babel package
 bblopts.cfg    2005/09/08 v0.1 add Arabic and Farsi to "declared" options of babel
     nil.ldf    2024/01/07 v24.1 Nil language
     svg.sty    2020/11/26 v2.02k (include SVG pictures)
   iftex.sty    2022/02/03 v1.0f TeX engine tests
 scrbase.sty    2023/07/07 v3.41 KOMA-Script package (KOMA-Script-independent basics and keyval usage)
scrlfile.sty    2023/07/07 v3.41 KOMA-Script package (file load hooks)
scrlfile-hook.sty    2023/07/07 v3.41 KOMA-Script package (using LaTeX hooks)
 scrlogo.sty    2023/07/07 v3.41 KOMA-Script package (logo)
  keyval.sty    2022/05/29 v1.15 key=value parser (DPC)
pdftexcmds.sty    2020-06-27 v0.33 Utility functions of pdfTeX for LuaTeX (HO)
infwarerr.sty    2019/12/03 v1.5 Providing info/warning/error messages (HO)
 ltxcmds.sty    2023-12-04 v1.26 LaTeX kernel commands for general use (HO)
trimspaces.sty    2009/09/17 v1.1 Trim spaces around a token list
graphicx.sty    2021/09/16 v1.2d Enhanced LaTeX Graphics (DPC,SPQR)
graphics.sty    2022/03/10 v1.4e Standard LaTeX Graphics (DPC,SPQR)
    trig.sty    2021/08/11 v1.11 sin cos tan (DPC)
graphics.cfg    2016/06/04 v1.11 sample graphics configuration
  pdftex.def    2022/09/22 v1.2b Graphics/color driver for pdftex
shellesc.sty    2023/07/08 v1.0d unified shell escape interface for LaTeX
  xcolor.sty    2023/11/15 v3.01 LaTeX color extensions (UK)
   color.cfg    2016/01/02 v1.6 sample color configuration
mathcolor.ltx
transparent.sty    2022-10-27 v1.5 Transparency with color stacks
transparent-nometadata.sty    2022-10-27 v1.5 Transparency via pdfTeX's color stack (HO)
 auxhook.sty    2019-12-17 v1.6 Hooks for auxiliary files (HO)
  pgfsys.sty    2023-01-15 v3.1.10 (3.1.10)
  pgfrcs.sty    2023-01-15 v3.1.10 (3.1.10)
pgfrcs.code.tex
pgfsys.code.tex
pgfsyssoftpath.code.tex    2023-01-15 v3.1.10 (3.1.10)
pgfsysprotocol.code.tex    2023-01-15 v3.1.10 (3.1.10)
 amsmath.sty    2023/05/13 v2.17o AMS math features
 amstext.sty    2021/08/26 v2.01 AMS text
  amsgen.sty    1999/11/30 v2.0 generic functions
  amsbsy.sty    1999/11/29 v1.2d Bold Symbols
  amsopn.sty    2022/04/08 v2.04 operator names
  amsthm.sty    2020/05/29 v2.20.6
 amssymb.sty    2013/01/14 v3.01 AMS font symbols
amsfonts.sty    2013/01/14 v3.01 Basic AMSFonts support
    tikz.sty    2023-01-15 v3.1.10 (3.1.10)
     pgf.sty    2023-01-15 v3.1.10 (3.1.10)
 pgfcore.sty    2023-01-15 v3.1.10 (3.1.10)
pgfcore.code.tex
pgfcomp-version-0-65.sty    2023-01-15 v3.1.10 (3.1.10)
pgfcomp-version-1-18.sty    2023-01-15 v3.1.10 (3.1.10)
  pgffor.sty    2023-01-15 v3.1.10 (3.1.10)
 pgfkeys.sty    
pgfkeys.code.tex
 pgfmath.sty    
pgfmath.code.tex
pgffor.code.tex
tikz.code.tex
tcolorbox.sty    2024/01/10 version 6.2.0 text color boxes
verbatim.sty    2023-11-06 v1.5v LaTeX2e package for verbatim enhancements
 environ.sty    2014/05/04 v0.3 A new way to define environments
etoolbox.sty    2020/10/05 v2.5k e-TeX tools for LaTeX (JAW)
tabularx.sty    2023/07/08 v2.11c `tabularx' package (DPC)
   array.sty    2023/10/16 v2.5g Tabular extension package (FMi)
algorithm2e.sty    2017/07/18 v5.2 algorithms environments
  ifthen.sty    2022/04/13 v1.1d Standard LaTeX ifthen package (DPC)
ifoddpage.sty    2022/10/18 v1.2 Conditionals for odd/even page detection
  xspace.sty    2014/10/28 v1.13 Space after command names (DPC,MH)
 relsize.sty    2013/03/29 ver 4.1
rotating.sty    2016/08/11 v2.16d rotated objects in LaTeX
  bbding.sty    1999/04/15 v1.01 Dingbats symbols
    cite.sty    2015/02/27  v 5.5
  lscape.sty    2020/05/28 v3.02 Landscape Pages (DPC)
setspace.sty    2022/12/04 v6.7b set line spacing
 sectsty.sty    2002/02/25 v2.0.2 Commands to change all sectional heading styles
  dsfont.sty    1995/08/01 v0.1 Double stroke roman fonts
   ifpdf.sty    2019/10/25 v3.4 ifpdf legacy package. Use iftex instead.
subfigure.sty    2002/07/30 v2.1.4 subfigure package
subfigure.cfg
  epsfig.sty    2017/06/25 v1.7b (e)psfig emulation (SPQR)
   float.sty    2001/11/08 v1.3d Float enhancements (AL)
titlesec.sty    2023/10/27 v2.16 Sectioning titles
multibib.sty    2008/12/10 v1.4 Multiple bibliographies for one document.
fancyhdr.sty    2024/04/23 v4.2 Extensive control of page headers and footers
  lipsum.sty    2021-09-20 v2.7 150 paragraphs of Lorem Ipsum dummy text
l3keys2e.sty    2023-10-10 LaTeX2e option processing using LaTeX3 keys
   expl3.sty    2024-01-04 L3 programming layer (loader) 
l3backend-pdftex.def    2024-01-04 L3 backend support: PDF output (pdfTeX)
  lipsum.ltd
    soul.sty    2023-06-14 v3.1 Permit use of UTF-8 characters in soul (HO)
soul-ori.sty    2023-06-14 v3.1 letterspacing/underlining (mf)
etexcmds.sty    2019/12/15 v1.7 Avoid name clashes with e-TeX commands (HO)
geometry.sty    2020/01/02 v5.9 Page Geometry
  ifvtex.sty    2019/10/25 v1.7 ifvtex legacy package. Use iftex instead.
geometry.cfg
hyperref.sty    2023-11-26 v7.01g Hypertext links for LaTeX
kvsetkeys.sty    2022-10-05 v1.19 Key value parser (HO)
kvdefinekeys.sty    2019-12-19 v1.6 Define keys (HO)
pdfescape.sty    2019/12/09 v1.15 Implements pdfTeX's escape features (HO)
 hycolor.sty    2020-01-27 v1.10 Color options for hyperref/bookmark (HO)
letltxmacro.sty    2019/12/03 v1.6 Let assignment for LaTeX macros (HO)
 nameref.sty    2023-11-26 v2.56 Cross-referencing by name of section
refcount.sty    2019/12/15 v3.6 Data extraction from label references (HO)
gettitlestring.sty    2019/12/15 v1.6 Cleanup title references (HO)
kvoptions.sty    2022-06-15 v3.15 Key value format for package options (HO)
  pd1enc.def    2023-11-26 v7.01g Hyperref: PDFDocEncoding definition (HO)
 intcalc.sty    2019/12/15 v1.3 Expandable calculations with integers (HO)
   puenc.def    2023-11-26 v7.01g Hyperref: PDF Unicode definition (HO)
     url.sty    2013/09/16  ver 3.4  Verb mode for urls, etc.
  bitset.sty    2019/12/09 v1.3 Handle bit-vector datatype (HO)
bigintcalc.sty    2019/12/15 v1.5 Expandable calculations on big integers (HO)
atbegshi-ltx.sty    2021/01/10 v1.0c Emulation of the original atbegshi
package with kernel methods
 hpdftex.def    2023-11-26 v7.01g Hyperref driver for pdfTeX
atveryend-ltx.sty    2020/08/19 v1.0a Emulation of the original atveryend package
with kernel methods
rerunfilecheck.sty    2022-07-10 v1.10 Rerun checks for auxiliary files (HO)
uniquecounter.sty    2019/12/15 v1.4 Provide unlimited unique counter (HO)
listings.sty    2023/02/27 1.9 (Carsten Heinz)
 lstmisc.sty    2023/02/27 1.9 (Carsten Heinz)
listings.cfg    2023/02/27 1.9 listings configuration
 caption.sty    2023/08/05 v3.6o Customizing captions (AR)
caption3.sty    2023/07/31 v2.4d caption3 kernel (AR)
longtable.sty    2023-11-01 v4.19 Multi-page Table package (DPC)
booktabs.sty    2020/01/12 v1.61803398 Publication quality tables
afterpage.sty    2023/07/04 v1.08 After-Page Package (DPC)
glossaries.sty    2024/04/03 v4.54 (NLCT)
 xkeyval.sty    2022/06/16 v2.9 package option processing (HA)
 xkeyval.tex    2014/12/03 v2.7a key=value parser (HA)
mfirstuc.sty    2022/10/14 v2.08 (NLCT)
    xfor.sty    2009/02/05 v1.05 (NLCT)
datatool-base.sty    2019/09/27 v2.32 (NLCT)
  substr.sty    2009/10/20 v1.2 Handle substrings
datatool-fp.sty    2019/09/27 v2.32 (NLCT)
      fp.sty    1995/04/02
defpattern.sty    1994/10/12
fp-basic.sty    1996/05/13
fp-addons.sty    1995/03/15
 fp-snap.sty    1995/04/05
  fp-exp.sty    1995/04/03
fp-trigo.sty    1995/04/14
  fp-pas.sty    1994/08/29
fp-random.sty    1995/02/23
  fp-eqn.sty    1995/04/03
  fp-upn.sty    1996/10/21
 fp-eval.sty    1995/04/03
tracklang.sty    2022/12/13 v1.6.1 (NLCT) Track Languages
tracklang.tex    2022/12/13 v1.6.1 (NLCT) Track Languages Generic Code
translator.sty    2021-05-31 v1.12d Easy translation of strings in LaTeX
glossary-hypernav.sty    2024/04/03 v4.54 (NLCT)
glossary-list.sty    2024/04/03 v4.54 (NLCT)
glossary-long.sty    2024/04/03 v4.54 (NLCT)
glossary-super.sty    2024/04/03 v4.54 (NLCT)
supertabular.sty    2020/02/02 v4.1g the supertabular environment
glossary-tree.sty    2024/04/03 v4.54 (NLCT)
 lmodern.sty    2015/05/01 v1.6.1 Latin Modern Fonts
   t1lmr.fd    2015/05/01 v1.6.1 Font defs for Latin Modern
supp-pdf.mkii
epstopdf-base.sty    2020-01-24 v2.11 Base part for package epstopdf
epstopdf-sys.cfg    2021/03/18 v2.0 Configuration of epstopdf for MiKTeX
    main.out
    main.out
ltcaption.sty    2021/01/08 v1.4c longtable captions (AR)
  apatch.sty    2006/07/02  3.11s last minute patches 
Frontmatter/Page_de_garde.tex
Logos/Logo_INPT.png
Logos/b3g-vector-logo.png
  ot1lmr.fd    2015/05/01 v1.6.1 Font defs for Latin Modern
  omllmm.fd    2015/05/01 v1.6.1 Font defs for Latin Modern
 omslmsy.fd    2015/05/01 v1.6.1 Font defs for Latin Modern
 omxlmex.fd    2015/05/01 v1.6.1 Font defs for Latin Modern
    umsa.fd    2013/01/14 v3.01 AMS symbols A
    umsb.fd    2013/01/14 v3.01 AMS symbols B
Logos/ZLAFA.png
Frontmatter/Dedication.tex
Frontmatter/Acknowledgements.tex
Frontmatter/Rsum.tex
Frontmatter/Abstract.tex
Frontmatter/Molakhas.tex
   uxnsh.fd     1999/10/19 v3.10 ArabTeX Naskh extd. font definitions
Chapters/Introduction.tex
  ts1lmr.fd    2015/05/01 v1.6.1 Font defs for Latin Modern
Chapters/Chapter1.tex
Logos/B3G.png
Logos/fawri.png
Figures/clients.png
Figures/outsystems.png
Figures/mendix.jpg
Figures/pega.jpg
Figures/appian.jpg
Figures/WordPress.png
Figures/Drupal.png
Figures/Joomla.png
Figures/Sitecore.png
Figures/processmanagement.png
Figures/scrum.png
Figures/Microsoft_Teams.png
Figures/outlook.png
Figures/azur.png
Figures/sprints.PNG
Chapters/Chapter2.tex
Figures/use case globale.png
Figures/use case gestion des projets.png
Figures/gestion de contenu.png
Figures/Gestion des tenants ditions et permissions .png
Figures/diag de classe.png
Figures/Diagramme_sequence _Recuperation_list_proc.png
Figures/fawri_cms_logo.PNG
Figures/palette.PNG
Figures/icons.PNG
Figures/figma.PNG
Chapters/Chapter3.tex
Figures/csharp.png
Figures/sql.png
Figures/javascript.png
Figures/angular.png
Figures/nodejs.png
Figures/abp.png
Figures/dotnet.png
Figures/efcore.png
Figures/dormiologo.png
Figures/sqlserver.png
Figures/sqlmanagementstudio.png
Figures/Visual-Studio-logo.png
Figures/vsclogo.png
Figures/gitlogo.jpg
Figures/xunitlogo.png
Figures/swaggerlogo.png
Figures/UML_logo.svg.png
Figures/figma logo.png
Figures/TDD.png
Figures/dddl.png
Figures/tbd.png
Figures/multytenancy.png
Figures/DDD flow.png
Figures/src test.PNG
Figures/presentation layer.PNG
Figures/application layer.PNG
Figures/infra layer.PNG
Figures/domain layer.PNG
Figures/test folder.PNG
Chapters/Chapter4.tex
Figures/abp cli.PNG
Figures/domain folder.PNG
Figures/entity fram core folder.PNG
Figures/db set code.PNG
Figures/dtos.PNG
Figures/services impl.PNG
Figures/swagger apis.PNG
Figures/web folder.PNG
Figures/login ui.PNG
Figures/tenant code.PNG
Figures/full loging page.PNG
Figures/fonctionnalite super admin.PNG
Figures/new edition.PNG
Figures/tenant screenshot.PNG
Figures/new project.PNG
Figures/list projects.PNG
Figures/list pages.PNG
Figures/manage page.PNG
Figures/process 1.PNG
Figures/process 2.PNG
Figures/menu item.PNG
Figures/permission.PNG
Chapters/Conclusion.tex
Endmatter/Glossary.tex
Endmatter/Acronyms.tex
 ***********


LaTeX Font Warning: Some font shapes were not available, defaults substituted.


LaTeX Warning: There were multiply-defined labels.

Package rerunfilecheck Info: File `main.out' has not changed.
(rerunfilecheck)             Checksum: 95CE61E94A99792162C416A616333DCB;17166.
 )
(\end occurred inside a group at level 1)

### semi simple group (level 1) entered at line 41 (\begingroup)
### bottom level 
Here is how much of TeX's memory you used:
 41151 strings out of 474486
 760447 string characters out of 5753571
 1965542 words of memory out of 5000000
 62321 multiletter control sequences out of 15000+600000
 614692 words of font info for 73 fonts, out of 8000000 for 9000
 1141 hyphenation exceptions out of 8191
 100i,12n,96p,2383b,2887s stack positions out of 10000i,1000n,20000p,200000b,200000s
 <C:\Users\anass\AppData\Local\MiKTeX\fonts/pk/ljfour/public/arabtex/dpi720\xnsh14bf.pk> <C:\Users\anass\AppData\Local\MiKTeX\fonts/pk/ljfour/public/arabtex/dpi720\xnsh14.pk> <C:\Users\anass\AppData\Local\MiKTeX\fonts/pk/ljfour/public/arabtex/dpi1493\xnsh14.pk> <C:\Users\anass\AppData\Local\MiKTeX\fonts/pk/ljfour/jknappen/ec/dpi600\ecrm1200.pk><C:/Program Files/MiKTeX/fonts/type1/public/lm/lmbx12.pfb><C:/Program Files/MiKTeX/fonts/type1/public/lm/lmcsc10.pfb><C:/Program Files/MiKTeX/fonts/type1/public/lm/lmcsco10.pfb><C:/Program Files/MiKTeX/fonts/type1/public/lm/lmr12.pfb><C:/Program Files/MiKTeX/fonts/type1/public/lm/lmri12.pfb>
Output written on main.pdf (103 pages, 7895842 bytes).
PDF statistics:
 1534 PDF objects out of 1728 (max. 8388607)
 303 named destinations out of 1000 (max. 500000)
 1074 words of extra memory for PDF output out of 10000 (max. 10000000)

